mode: set
github.com/rdkcentral/xconfwebconfig/dataapi/dcm/settings/settings_profile.go:31.66,35.22 4 0
github.com/rdkcentral/xconfwebconfig/dataapi/dcm/settings/settings_profile.go:35.22,37.3 1 0
github.com/rdkcentral/xconfwebconfig/dataapi/dcm/settings/settings_profile.go:39.2,40.16 2 0
github.com/rdkcentral/xconfwebconfig/dataapi/dcm/settings/settings_profile.go:40.16,42.3 1 0
github.com/rdkcentral/xconfwebconfig/dataapi/dcm/settings/settings_profile.go:44.2,46.25 2 0
github.com/rdkcentral/xconfwebconfig/dataapi/dcm/settings/settings_profile.go:46.25,49.3 2 0
github.com/rdkcentral/xconfwebconfig/dataapi/dcm/settings/settings_profile.go:51.2,51.27 1 0
github.com/rdkcentral/xconfwebconfig/dataapi/dcm/settings/settings_profile.go:51.27,53.3 1 0
github.com/rdkcentral/xconfwebconfig/dataapi/dcm/settings/settings_profile.go:55.2,55.26 1 0
github.com/rdkcentral/xconfwebconfig/dataapi/dcm/settings/settings_profile.go:58.80,62.16 4 0
github.com/rdkcentral/xconfwebconfig/dataapi/dcm/settings/settings_profile.go:62.16,63.29 1 0
github.com/rdkcentral/xconfwebconfig/dataapi/dcm/settings/settings_profile.go:63.29,64.71 1 0
github.com/rdkcentral/xconfwebconfig/dataapi/dcm/settings/settings_profile.go:64.71,66.46 2 0
github.com/rdkcentral/xconfwebconfig/dataapi/dcm/settings/settings_profile.go:66.46,68.6 1 0
github.com/rdkcentral/xconfwebconfig/dataapi/dcm/settings/settings_profile.go:72.2,72.21 1 0
github.com/rdkcentral/xconfwebconfig/dataapi/dcm/settings/settings_profile.go:75.100,77.60 2 1
github.com/rdkcentral/xconfwebconfig/dataapi/dcm/settings/settings_profile.go:77.60,79.17 2 0
github.com/rdkcentral/xconfwebconfig/dataapi/dcm/settings/settings_profile.go:79.17,81.4 1 0
github.com/rdkcentral/xconfwebconfig/dataapi/dcm/settings/settings_profile.go:83.2,83.23 1 1
github.com/rdkcentral/xconfwebconfig/dataapi/dcm/settings/settings_profile.go:86.79,87.52 1 1
github.com/rdkcentral/xconfwebconfig/dataapi/dcm/settings/settings_profile.go:87.52,88.49 1 1
github.com/rdkcentral/xconfwebconfig/dataapi/dcm/settings/settings_profile.go:88.49,88.125 1 1
github.com/rdkcentral/xconfwebconfig/dataapi/dcm/settings/settings_profile.go:89.3,89.27 1 1
github.com/rdkcentral/xconfwebconfig/dataapi/dcm/settings/settings_profile.go:91.2,91.12 1 1
github.com/rdkcentral/xconfwebconfig/dataapi/dcm/settings/settings_profile.go:94.111,97.25 3 0
github.com/rdkcentral/xconfwebconfig/dataapi/dcm/settings/settings_profile.go:97.25,98.37 1 0
github.com/rdkcentral/xconfwebconfig/dataapi/dcm/settings/settings_profile.go:98.37,101.153 2 0
github.com/rdkcentral/xconfwebconfig/dataapi/dcm/settings/settings_profile.go:101.153,103.5 1 0
github.com/rdkcentral/xconfwebconfig/dataapi/dcm/settings/settings_profile.go:106.2,106.26 1 0
