mode: set
github.com/rdkcentral/xconfwebconfig/dataapi/dcm/logupload/loguploader.go:39.48,43.2 1 1
github.com/rdkcentral/xconfwebconfig/dataapi/dcm/logupload/loguploader.go:45.100,48.29 3 0
github.com/rdkcentral/xconfwebconfig/dataapi/dcm/logupload/loguploader.go:48.29,49.157 1 0
github.com/rdkcentral/xconfwebconfig/dataapi/dcm/logupload/loguploader.go:49.157,51.4 1 0
github.com/rdkcentral/xconfwebconfig/dataapi/dcm/logupload/loguploader.go:52.3,52.25 1 0
github.com/rdkcentral/xconfwebconfig/dataapi/dcm/logupload/loguploader.go:52.25,54.4 1 0
github.com/rdkcentral/xconfwebconfig/dataapi/dcm/logupload/loguploader.go:56.2,56.70 1 0
github.com/rdkcentral/xconfwebconfig/dataapi/dcm/logupload/loguploader.go:56.70,58.3 1 0
github.com/rdkcentral/xconfwebconfig/dataapi/dcm/logupload/loguploader.go:59.2,59.12 1 0
github.com/rdkcentral/xconfwebconfig/dataapi/dcm/logupload/loguploader.go:62.77,66.22 4 0
github.com/rdkcentral/xconfwebconfig/dataapi/dcm/logupload/loguploader.go:66.22,68.3 1 0
github.com/rdkcentral/xconfwebconfig/dataapi/dcm/logupload/loguploader.go:70.2,71.19 2 0
github.com/rdkcentral/xconfwebconfig/dataapi/dcm/logupload/loguploader.go:71.19,73.3 1 0
github.com/rdkcentral/xconfwebconfig/dataapi/dcm/logupload/loguploader.go:75.2,78.45 3 0
github.com/rdkcentral/xconfwebconfig/dataapi/dcm/logupload/loguploader.go:78.45,80.3 1 0
github.com/rdkcentral/xconfwebconfig/dataapi/dcm/logupload/loguploader.go:82.2,84.19 2 0
github.com/rdkcentral/xconfwebconfig/dataapi/dcm/logupload/loguploader.go:93.72,99.34 6 1
github.com/rdkcentral/xconfwebconfig/dataapi/dcm/logupload/loguploader.go:99.34,102.3 2 1
github.com/rdkcentral/xconfwebconfig/dataapi/dcm/logupload/loguploader.go:104.2,107.37 4 1
github.com/rdkcentral/xconfwebconfig/dataapi/dcm/logupload/loguploader.go:107.37,110.3 2 1
github.com/rdkcentral/xconfwebconfig/dataapi/dcm/logupload/loguploader.go:112.2,112.120 1 1
github.com/rdkcentral/xconfwebconfig/dataapi/dcm/logupload/loguploader.go:112.120,117.53 5 1
github.com/rdkcentral/xconfwebconfig/dataapi/dcm/logupload/loguploader.go:117.53,119.4 1 0
github.com/rdkcentral/xconfwebconfig/dataapi/dcm/logupload/loguploader.go:119.9,121.4 1 1
github.com/rdkcentral/xconfwebconfig/dataapi/dcm/logupload/loguploader.go:122.3,128.34 7 1
github.com/rdkcentral/xconfwebconfig/dataapi/dcm/logupload/loguploader.go:128.34,131.38 3 1
github.com/rdkcentral/xconfwebconfig/dataapi/dcm/logupload/loguploader.go:131.38,136.58 5 1
github.com/rdkcentral/xconfwebconfig/dataapi/dcm/logupload/loguploader.go:136.58,138.6 1 1
github.com/rdkcentral/xconfwebconfig/dataapi/dcm/logupload/loguploader.go:138.11,140.6 1 1
github.com/rdkcentral/xconfwebconfig/dataapi/dcm/logupload/loguploader.go:141.5,142.75 2 1
github.com/rdkcentral/xconfwebconfig/dataapi/dcm/logupload/loguploader.go:145.3,146.51 2 1
github.com/rdkcentral/xconfwebconfig/dataapi/dcm/logupload/loguploader.go:146.51,149.80 3 0
github.com/rdkcentral/xconfwebconfig/dataapi/dcm/logupload/loguploader.go:149.80,151.19 2 0
github.com/rdkcentral/xconfwebconfig/dataapi/dcm/logupload/loguploader.go:151.19,153.6 1 0
github.com/rdkcentral/xconfwebconfig/dataapi/dcm/logupload/loguploader.go:154.10,154.87 1 0
github.com/rdkcentral/xconfwebconfig/dataapi/dcm/logupload/loguploader.go:154.87,156.30 2 0
github.com/rdkcentral/xconfwebconfig/dataapi/dcm/logupload/loguploader.go:156.30,158.20 2 0
github.com/rdkcentral/xconfwebconfig/dataapi/dcm/logupload/loguploader.go:158.20,160.7 1 0
github.com/rdkcentral/xconfwebconfig/dataapi/dcm/logupload/loguploader.go:162.10,162.87 1 0
github.com/rdkcentral/xconfwebconfig/dataapi/dcm/logupload/loguploader.go:162.87,165.24 2 0
github.com/rdkcentral/xconfwebconfig/dataapi/dcm/logupload/loguploader.go:165.24,168.6 2 0
github.com/rdkcentral/xconfwebconfig/dataapi/dcm/logupload/loguploader.go:168.11,170.6 1 0
github.com/rdkcentral/xconfwebconfig/dataapi/dcm/logupload/loguploader.go:172.4,172.22 1 0
github.com/rdkcentral/xconfwebconfig/dataapi/dcm/logupload/loguploader.go:172.22,174.5 1 0
github.com/rdkcentral/xconfwebconfig/dataapi/dcm/logupload/loguploader.go:176.3,177.54 2 1
github.com/rdkcentral/xconfwebconfig/dataapi/dcm/logupload/loguploader.go:177.54,179.4 1 0
github.com/rdkcentral/xconfwebconfig/dataapi/dcm/logupload/loguploader.go:179.9,181.4 1 1
github.com/rdkcentral/xconfwebconfig/dataapi/dcm/logupload/loguploader.go:182.3,189.47 8 1
github.com/rdkcentral/xconfwebconfig/dataapi/dcm/logupload/loguploader.go:191.2,193.31 3 1
github.com/rdkcentral/xconfwebconfig/dataapi/dcm/logupload/loguploader.go:193.31,198.3 4 1
github.com/rdkcentral/xconfwebconfig/dataapi/dcm/logupload/loguploader.go:199.2,199.17 1 1
github.com/rdkcentral/xconfwebconfig/dataapi/dcm/logupload/loguploader.go:204.78,207.31 3 1
github.com/rdkcentral/xconfwebconfig/dataapi/dcm/logupload/loguploader.go:207.31,209.3 1 1
github.com/rdkcentral/xconfwebconfig/dataapi/dcm/logupload/loguploader.go:210.2,211.40 2 1
github.com/rdkcentral/xconfwebconfig/dataapi/dcm/logupload/loguploader.go:211.40,213.3 1 1
github.com/rdkcentral/xconfwebconfig/dataapi/dcm/logupload/loguploader.go:214.2,214.45 1 1
