mode: set
github.com/rdkcentral/xconfwebconfig/dataapi/estbfirmware/estb_evaluation.go:41.46,50.2 1 0
github.com/rdkcentral/xconfwebconfig/dataapi/estbfirmware/estb_evaluation.go:52.66,53.29 1 0
github.com/rdkcentral/xconfwebconfig/dataapi/estbfirmware/estb_evaluation.go:53.29,55.3 1 0
github.com/rdkcentral/xconfwebconfig/dataapi/estbfirmware/estb_evaluation.go:56.2,56.53 1 0
github.com/rdkcentral/xconfwebconfig/dataapi/estbfirmware/estb_evaluation.go:63.188,67.85 4 0
github.com/rdkcentral/xconfwebconfig/dataapi/estbfirmware/estb_evaluation.go:67.85,69.50 2 0
github.com/rdkcentral/xconfwebconfig/dataapi/estbfirmware/estb_evaluation.go:69.50,71.4 1 0
github.com/rdkcentral/xconfwebconfig/dataapi/estbfirmware/estb_evaluation.go:72.3,72.26 1 0
github.com/rdkcentral/xconfwebconfig/dataapi/estbfirmware/estb_evaluation.go:72.26,74.4 1 0
github.com/rdkcentral/xconfwebconfig/dataapi/estbfirmware/estb_evaluation.go:74.9,77.4 2 0
github.com/rdkcentral/xconfwebconfig/dataapi/estbfirmware/estb_evaluation.go:78.3,78.14 1 0
github.com/rdkcentral/xconfwebconfig/dataapi/estbfirmware/estb_evaluation.go:81.2,83.55 3 0
github.com/rdkcentral/xconfwebconfig/dataapi/estbfirmware/estb_evaluation.go:87.159,88.23 1 0
github.com/rdkcentral/xconfwebconfig/dataapi/estbfirmware/estb_evaluation.go:88.23,90.3 1 0
github.com/rdkcentral/xconfwebconfig/dataapi/estbfirmware/estb_evaluation.go:90.8,90.58 1 0
github.com/rdkcentral/xconfwebconfig/dataapi/estbfirmware/estb_evaluation.go:90.58,92.3 1 0
github.com/rdkcentral/xconfwebconfig/dataapi/estbfirmware/estb_evaluation.go:93.2,93.75 1 0
github.com/rdkcentral/xconfwebconfig/dataapi/estbfirmware/estb_evaluation.go:98.165,102.76 4 0
github.com/rdkcentral/xconfwebconfig/dataapi/estbfirmware/estb_evaluation.go:102.76,103.54 1 0
github.com/rdkcentral/xconfwebconfig/dataapi/estbfirmware/estb_evaluation.go:103.54,105.20 2 0
github.com/rdkcentral/xconfwebconfig/dataapi/estbfirmware/estb_evaluation.go:105.20,108.10 3 0
github.com/rdkcentral/xconfwebconfig/dataapi/estbfirmware/estb_evaluation.go:112.2,112.18 1 0
github.com/rdkcentral/xconfwebconfig/dataapi/estbfirmware/estb_evaluation.go:115.165,119.69 4 0
github.com/rdkcentral/xconfwebconfig/dataapi/estbfirmware/estb_evaluation.go:119.69,120.50 1 0
github.com/rdkcentral/xconfwebconfig/dataapi/estbfirmware/estb_evaluation.go:120.50,122.20 2 0
github.com/rdkcentral/xconfwebconfig/dataapi/estbfirmware/estb_evaluation.go:122.20,125.10 3 0
github.com/rdkcentral/xconfwebconfig/dataapi/estbfirmware/estb_evaluation.go:129.2,129.18 1 0
github.com/rdkcentral/xconfwebconfig/dataapi/estbfirmware/estb_evaluation.go:132.107,134.26 2 0
github.com/rdkcentral/xconfwebconfig/dataapi/estbfirmware/estb_evaluation.go:134.26,135.26 1 0
github.com/rdkcentral/xconfwebconfig/dataapi/estbfirmware/estb_evaluation.go:135.26,137.4 1 0
github.com/rdkcentral/xconfwebconfig/dataapi/estbfirmware/estb_evaluation.go:139.2,139.14 1 0
github.com/rdkcentral/xconfwebconfig/dataapi/estbfirmware/estb_evaluation.go:145.101,148.105 3 0
github.com/rdkcentral/xconfwebconfig/dataapi/estbfirmware/estb_evaluation.go:148.105,150.3 1 0
github.com/rdkcentral/xconfwebconfig/dataapi/estbfirmware/estb_evaluation.go:152.2,153.61 2 0
github.com/rdkcentral/xconfwebconfig/dataapi/estbfirmware/estb_evaluation.go:153.61,155.38 2 0
github.com/rdkcentral/xconfwebconfig/dataapi/estbfirmware/estb_evaluation.go:155.38,159.97 4 0
github.com/rdkcentral/xconfwebconfig/dataapi/estbfirmware/estb_evaluation.go:159.97,161.5 1 0
github.com/rdkcentral/xconfwebconfig/dataapi/estbfirmware/estb_evaluation.go:161.10,161.119 1 0
github.com/rdkcentral/xconfwebconfig/dataapi/estbfirmware/estb_evaluation.go:161.119,163.5 1 0
github.com/rdkcentral/xconfwebconfig/dataapi/estbfirmware/estb_evaluation.go:164.4,164.83 1 0
github.com/rdkcentral/xconfwebconfig/dataapi/estbfirmware/estb_evaluation.go:164.83,165.45 1 0
github.com/rdkcentral/xconfwebconfig/dataapi/estbfirmware/estb_evaluation.go:165.45,167.6 1 0
github.com/rdkcentral/xconfwebconfig/dataapi/estbfirmware/estb_evaluation.go:168.5,170.89 3 0
github.com/rdkcentral/xconfwebconfig/dataapi/estbfirmware/estb_evaluation.go:170.89,174.6 2 0
github.com/rdkcentral/xconfwebconfig/dataapi/estbfirmware/estb_evaluation.go:174.11,176.23 2 0
github.com/rdkcentral/xconfwebconfig/dataapi/estbfirmware/estb_evaluation.go:176.23,180.7 2 0
github.com/rdkcentral/xconfwebconfig/dataapi/estbfirmware/estb_evaluation.go:182.5,182.16 1 0
github.com/rdkcentral/xconfwebconfig/dataapi/estbfirmware/estb_evaluation.go:184.4,185.15 2 0
github.com/rdkcentral/xconfwebconfig/dataapi/estbfirmware/estb_evaluation.go:185.15,187.89 2 0
github.com/rdkcentral/xconfwebconfig/dataapi/estbfirmware/estb_evaluation.go:187.89,192.6 3 0
github.com/rdkcentral/xconfwebconfig/dataapi/estbfirmware/estb_evaluation.go:194.4,194.17 1 0
github.com/rdkcentral/xconfwebconfig/dataapi/estbfirmware/estb_evaluation.go:197.2,197.94 1 0
github.com/rdkcentral/xconfwebconfig/dataapi/estbfirmware/estb_evaluation.go:200.147,204.78 3 0
github.com/rdkcentral/xconfwebconfig/dataapi/estbfirmware/estb_evaluation.go:204.78,208.20 4 0
github.com/rdkcentral/xconfwebconfig/dataapi/estbfirmware/estb_evaluation.go:208.20,210.4 1 0
github.com/rdkcentral/xconfwebconfig/dataapi/estbfirmware/estb_evaluation.go:210.9,212.4 1 0
github.com/rdkcentral/xconfwebconfig/dataapi/estbfirmware/estb_evaluation.go:213.3,214.87 2 0
github.com/rdkcentral/xconfwebconfig/dataapi/estbfirmware/estb_evaluation.go:216.2,216.37 1 0
github.com/rdkcentral/xconfwebconfig/dataapi/estbfirmware/estb_evaluation.go:219.69,226.2 4 0
github.com/rdkcentral/xconfwebconfig/dataapi/estbfirmware/estb_firmware_rule_eval.go:52.103,54.2 1 0
github.com/rdkcentral/xconfwebconfig/dataapi/estbfirmware/estb_firmware_rule_eval.go:56.71,58.2 1 1
github.com/rdkcentral/xconfwebconfig/dataapi/estbfirmware/estb_firmware_rule_eval.go:60.83,62.2 1 1
github.com/rdkcentral/xconfwebconfig/dataapi/estbfirmware/estb_firmware_rule_eval.go:65.61,67.2 1 1
github.com/rdkcentral/xconfwebconfig/dataapi/estbfirmware/estb_firmware_rule_eval.go:70.101,76.2 1 1
github.com/rdkcentral/xconfwebconfig/dataapi/estbfirmware/estb_firmware_rule_eval.go:79.173,96.16 8 0
github.com/rdkcentral/xconfwebconfig/dataapi/estbfirmware/estb_firmware_rule_eval.go:96.16,98.3 1 0
github.com/rdkcentral/xconfwebconfig/dataapi/estbfirmware/estb_firmware_rule_eval.go:101.2,105.24 4 0
github.com/rdkcentral/xconfwebconfig/dataapi/estbfirmware/estb_firmware_rule_eval.go:105.24,111.3 4 0
github.com/rdkcentral/xconfwebconfig/dataapi/estbfirmware/estb_firmware_rule_eval.go:114.2,121.52 5 0
github.com/rdkcentral/xconfwebconfig/dataapi/estbfirmware/estb_firmware_rule_eval.go:121.52,123.17 2 0
github.com/rdkcentral/xconfwebconfig/dataapi/estbfirmware/estb_firmware_rule_eval.go:123.17,128.4 3 0
github.com/rdkcentral/xconfwebconfig/dataapi/estbfirmware/estb_firmware_rule_eval.go:128.9,128.85 1 0
github.com/rdkcentral/xconfwebconfig/dataapi/estbfirmware/estb_firmware_rule_eval.go:128.85,133.4 3 0
github.com/rdkcentral/xconfwebconfig/dataapi/estbfirmware/estb_firmware_rule_eval.go:133.9,136.4 2 0
github.com/rdkcentral/xconfwebconfig/dataapi/estbfirmware/estb_firmware_rule_eval.go:137.8,137.34 1 0
github.com/rdkcentral/xconfwebconfig/dataapi/estbfirmware/estb_firmware_rule_eval.go:137.34,144.3 5 0
github.com/rdkcentral/xconfwebconfig/dataapi/estbfirmware/estb_firmware_rule_eval.go:144.8,149.3 3 0
github.com/rdkcentral/xconfwebconfig/dataapi/estbfirmware/estb_firmware_rule_eval.go:151.2,156.22 4 0
github.com/rdkcentral/xconfwebconfig/dataapi/estbfirmware/estb_firmware_rule_eval.go:156.22,160.3 2 0
github.com/rdkcentral/xconfwebconfig/dataapi/estbfirmware/estb_firmware_rule_eval.go:162.2,163.13 2 0
github.com/rdkcentral/xconfwebconfig/dataapi/estbfirmware/estb_firmware_rule_eval.go:163.13,165.3 1 0
github.com/rdkcentral/xconfwebconfig/dataapi/estbfirmware/estb_firmware_rule_eval.go:167.2,167.20 1 0
github.com/rdkcentral/xconfwebconfig/dataapi/estbfirmware/estb_firmware_rule_eval.go:171.107,175.28 4 0
github.com/rdkcentral/xconfwebconfig/dataapi/estbfirmware/estb_firmware_rule_eval.go:175.28,178.3 2 0
github.com/rdkcentral/xconfwebconfig/dataapi/estbfirmware/estb_firmware_rule_eval.go:179.2,180.24 2 0
github.com/rdkcentral/xconfwebconfig/dataapi/estbfirmware/estb_firmware_rule_eval.go:185.138,192.37 6 0
github.com/rdkcentral/xconfwebconfig/dataapi/estbfirmware/estb_firmware_rule_eval.go:192.37,196.38 2 0
github.com/rdkcentral/xconfwebconfig/dataapi/estbfirmware/estb_firmware_rule_eval.go:196.38,197.50 1 0
github.com/rdkcentral/xconfwebconfig/dataapi/estbfirmware/estb_firmware_rule_eval.go:197.50,199.5 1 0
github.com/rdkcentral/xconfwebconfig/dataapi/estbfirmware/estb_firmware_rule_eval.go:203.3,203.43 1 0
github.com/rdkcentral/xconfwebconfig/dataapi/estbfirmware/estb_firmware_rule_eval.go:203.43,204.12 1 0
github.com/rdkcentral/xconfwebconfig/dataapi/estbfirmware/estb_firmware_rule_eval.go:208.3,209.30 2 0
github.com/rdkcentral/xconfwebconfig/dataapi/estbfirmware/estb_firmware_rule_eval.go:209.30,210.12 1 0
github.com/rdkcentral/xconfwebconfig/dataapi/estbfirmware/estb_firmware_rule_eval.go:213.3,213.85 1 0
github.com/rdkcentral/xconfwebconfig/dataapi/estbfirmware/estb_firmware_rule_eval.go:213.85,216.4 1 0
github.com/rdkcentral/xconfwebconfig/dataapi/estbfirmware/estb_firmware_rule_eval.go:219.3,221.46 3 0
github.com/rdkcentral/xconfwebconfig/dataapi/estbfirmware/estb_firmware_rule_eval.go:221.46,225.27 2 0
github.com/rdkcentral/xconfwebconfig/dataapi/estbfirmware/estb_firmware_rule_eval.go:225.27,226.28 1 0
github.com/rdkcentral/xconfwebconfig/dataapi/estbfirmware/estb_firmware_rule_eval.go:226.28,229.6 2 0
github.com/rdkcentral/xconfwebconfig/dataapi/estbfirmware/estb_firmware_rule_eval.go:230.5,233.19 4 0
github.com/rdkcentral/xconfwebconfig/dataapi/estbfirmware/estb_firmware_rule_eval.go:233.19,236.6 2 0
github.com/rdkcentral/xconfwebconfig/dataapi/estbfirmware/estb_firmware_rule_eval.go:238.5,238.69 1 0
github.com/rdkcentral/xconfwebconfig/dataapi/estbfirmware/estb_firmware_rule_eval.go:238.69,240.6 1 0
github.com/rdkcentral/xconfwebconfig/dataapi/estbfirmware/estb_firmware_rule_eval.go:242.5,242.19 1 0
github.com/rdkcentral/xconfwebconfig/dataapi/estbfirmware/estb_firmware_rule_eval.go:242.19,247.18 4 0
github.com/rdkcentral/xconfwebconfig/dataapi/estbfirmware/estb_firmware_rule_eval.go:247.18,250.7 2 0
github.com/rdkcentral/xconfwebconfig/dataapi/estbfirmware/estb_firmware_rule_eval.go:254.3,254.127 1 0
github.com/rdkcentral/xconfwebconfig/dataapi/estbfirmware/estb_firmware_rule_eval.go:256.2,256.16 1 0
github.com/rdkcentral/xconfwebconfig/dataapi/estbfirmware/estb_firmware_rule_eval.go:260.154,262.13 2 0
github.com/rdkcentral/xconfwebconfig/dataapi/estbfirmware/estb_firmware_rule_eval.go:262.13,264.3 1 0
github.com/rdkcentral/xconfwebconfig/dataapi/estbfirmware/estb_firmware_rule_eval.go:264.8,266.3 1 0
github.com/rdkcentral/xconfwebconfig/dataapi/estbfirmware/estb_firmware_rule_eval.go:268.2,270.22 3 0
github.com/rdkcentral/xconfwebconfig/dataapi/estbfirmware/estb_firmware_rule_eval.go:270.22,272.3 1 0
github.com/rdkcentral/xconfwebconfig/dataapi/estbfirmware/estb_firmware_rule_eval.go:274.2,275.16 2 0
github.com/rdkcentral/xconfwebconfig/dataapi/estbfirmware/estb_firmware_rule_eval.go:275.16,278.3 2 0
github.com/rdkcentral/xconfwebconfig/dataapi/estbfirmware/estb_firmware_rule_eval.go:280.2,280.19 1 0
github.com/rdkcentral/xconfwebconfig/dataapi/estbfirmware/estb_firmware_rule_eval.go:280.19,282.3 1 0
github.com/rdkcentral/xconfwebconfig/dataapi/estbfirmware/estb_firmware_rule_eval.go:284.2,287.13 3 0
github.com/rdkcentral/xconfwebconfig/dataapi/estbfirmware/estb_firmware_rule_eval.go:287.13,288.46 1 0
github.com/rdkcentral/xconfwebconfig/dataapi/estbfirmware/estb_firmware_rule_eval.go:288.46,290.4 1 0
github.com/rdkcentral/xconfwebconfig/dataapi/estbfirmware/estb_firmware_rule_eval.go:291.8,292.46 1 0
github.com/rdkcentral/xconfwebconfig/dataapi/estbfirmware/estb_firmware_rule_eval.go:292.46,294.4 1 0
github.com/rdkcentral/xconfwebconfig/dataapi/estbfirmware/estb_firmware_rule_eval.go:297.2,299.19 2 0
github.com/rdkcentral/xconfwebconfig/dataapi/estbfirmware/estb_firmware_rule_eval.go:302.195,303.42 1 0
github.com/rdkcentral/xconfwebconfig/dataapi/estbfirmware/estb_firmware_rule_eval.go:303.42,305.3 1 0
github.com/rdkcentral/xconfwebconfig/dataapi/estbfirmware/estb_firmware_rule_eval.go:307.2,309.144 2 0
github.com/rdkcentral/xconfwebconfig/dataapi/estbfirmware/estb_firmware_rule_eval.go:309.144,311.3 1 0
github.com/rdkcentral/xconfwebconfig/dataapi/estbfirmware/estb_firmware_rule_eval.go:313.2,313.84 1 0
github.com/rdkcentral/xconfwebconfig/dataapi/estbfirmware/estb_firmware_rule_eval.go:316.112,317.25 1 0
github.com/rdkcentral/xconfwebconfig/dataapi/estbfirmware/estb_firmware_rule_eval.go:317.25,319.3 1 0
github.com/rdkcentral/xconfwebconfig/dataapi/estbfirmware/estb_firmware_rule_eval.go:320.2,320.152 1 0
github.com/rdkcentral/xconfwebconfig/dataapi/estbfirmware/estb_firmware_rule_eval.go:323.100,324.74 1 1
github.com/rdkcentral/xconfwebconfig/dataapi/estbfirmware/estb_firmware_rule_eval.go:324.74,325.56 1 1
github.com/rdkcentral/xconfwebconfig/dataapi/estbfirmware/estb_firmware_rule_eval.go:325.56,326.29 1 1
github.com/rdkcentral/xconfwebconfig/dataapi/estbfirmware/estb_firmware_rule_eval.go:326.29,328.5 1 1
github.com/rdkcentral/xconfwebconfig/dataapi/estbfirmware/estb_firmware_rule_eval.go:331.2,331.28 1 1
github.com/rdkcentral/xconfwebconfig/dataapi/estbfirmware/estb_firmware_rule_eval.go:334.57,340.40 3 0
github.com/rdkcentral/xconfwebconfig/dataapi/estbfirmware/estb_firmware_rule_eval.go:340.40,342.3 1 0
github.com/rdkcentral/xconfwebconfig/dataapi/estbfirmware/estb_firmware_rule_eval.go:343.2,343.77 1 0
github.com/rdkcentral/xconfwebconfig/dataapi/estbfirmware/estb_firmware_rule_eval.go:347.172,349.94 2 0
github.com/rdkcentral/xconfwebconfig/dataapi/estbfirmware/estb_firmware_rule_eval.go:349.94,351.3 1 0
github.com/rdkcentral/xconfwebconfig/dataapi/estbfirmware/estb_firmware_rule_eval.go:351.8,352.101 1 0
github.com/rdkcentral/xconfwebconfig/dataapi/estbfirmware/estb_firmware_rule_eval.go:352.101,354.4 1 0
github.com/rdkcentral/xconfwebconfig/dataapi/estbfirmware/estb_firmware_rule_eval.go:357.2,357.73 1 0
github.com/rdkcentral/xconfwebconfig/dataapi/estbfirmware/estb_firmware_rule_eval.go:357.73,358.35 1 0
github.com/rdkcentral/xconfwebconfig/dataapi/estbfirmware/estb_firmware_rule_eval.go:358.35,360.4 1 0
github.com/rdkcentral/xconfwebconfig/dataapi/estbfirmware/estb_firmware_rule_eval.go:362.3,365.105 3 0
github.com/rdkcentral/xconfwebconfig/dataapi/estbfirmware/estb_firmware_rule_eval.go:365.105,369.4 2 0
github.com/rdkcentral/xconfwebconfig/dataapi/estbfirmware/estb_firmware_rule_eval.go:369.9,371.21 2 0
github.com/rdkcentral/xconfwebconfig/dataapi/estbfirmware/estb_firmware_rule_eval.go:371.21,375.5 2 0
github.com/rdkcentral/xconfwebconfig/dataapi/estbfirmware/estb_firmware_rule_eval.go:377.3,377.47 1 0
github.com/rdkcentral/xconfwebconfig/dataapi/estbfirmware/estb_firmware_rule_eval.go:380.2,381.19 2 0
github.com/rdkcentral/xconfwebconfig/dataapi/estbfirmware/estb_firmware_rule_eval.go:381.19,383.3 1 0
github.com/rdkcentral/xconfwebconfig/dataapi/estbfirmware/estb_firmware_rule_eval.go:385.2,385.82 1 0
github.com/rdkcentral/xconfwebconfig/dataapi/estbfirmware/estb_firmware_rule_eval.go:385.82,387.3 1 0
github.com/rdkcentral/xconfwebconfig/dataapi/estbfirmware/estb_firmware_rule_eval.go:389.2,389.74 1 0
github.com/rdkcentral/xconfwebconfig/dataapi/estbfirmware/estb_firmware_rule_eval.go:389.74,392.50 3 0
github.com/rdkcentral/xconfwebconfig/dataapi/estbfirmware/estb_firmware_rule_eval.go:392.50,396.54 4 0
github.com/rdkcentral/xconfwebconfig/dataapi/estbfirmware/estb_firmware_rule_eval.go:396.54,397.94 1 0
github.com/rdkcentral/xconfwebconfig/dataapi/estbfirmware/estb_firmware_rule_eval.go:397.94,398.24 1 0
github.com/rdkcentral/xconfwebconfig/dataapi/estbfirmware/estb_firmware_rule_eval.go:398.24,401.7 2 0
github.com/rdkcentral/xconfwebconfig/dataapi/estbfirmware/estb_firmware_rule_eval.go:402.6,403.27 2 0
github.com/rdkcentral/xconfwebconfig/dataapi/estbfirmware/estb_firmware_rule_eval.go:405.10,405.29 1 0
github.com/rdkcentral/xconfwebconfig/dataapi/estbfirmware/estb_firmware_rule_eval.go:405.29,407.47 2 0
github.com/rdkcentral/xconfwebconfig/dataapi/estbfirmware/estb_firmware_rule_eval.go:407.47,409.24 2 0
github.com/rdkcentral/xconfwebconfig/dataapi/estbfirmware/estb_firmware_rule_eval.go:409.24,411.7 1 0
github.com/rdkcentral/xconfwebconfig/dataapi/estbfirmware/estb_firmware_rule_eval.go:412.6,413.27 2 0
github.com/rdkcentral/xconfwebconfig/dataapi/estbfirmware/estb_firmware_rule_eval.go:418.2,418.28 1 0
github.com/rdkcentral/xconfwebconfig/dataapi/estbfirmware/estb_firmware_rule_eval.go:421.125,422.37 1 0
github.com/rdkcentral/xconfwebconfig/dataapi/estbfirmware/estb_firmware_rule_eval.go:422.37,424.3 1 0
github.com/rdkcentral/xconfwebconfig/dataapi/estbfirmware/estb_firmware_rule_eval.go:426.2,426.41 1 0
github.com/rdkcentral/xconfwebconfig/dataapi/estbfirmware/estb_firmware_rule_eval.go:426.41,428.3 1 0
github.com/rdkcentral/xconfwebconfig/dataapi/estbfirmware/estb_firmware_rule_eval.go:430.2,430.16 1 0
github.com/rdkcentral/xconfwebconfig/dataapi/estbfirmware/estb_firmware_rule_eval.go:433.110,434.24 1 0
github.com/rdkcentral/xconfwebconfig/dataapi/estbfirmware/estb_firmware_rule_eval.go:434.24,436.3 1 0
github.com/rdkcentral/xconfwebconfig/dataapi/estbfirmware/estb_firmware_rule_eval.go:437.2,438.16 2 0
github.com/rdkcentral/xconfwebconfig/dataapi/estbfirmware/estb_firmware_rule_eval.go:438.16,441.3 2 0
github.com/rdkcentral/xconfwebconfig/dataapi/estbfirmware/estb_firmware_rule_eval.go:442.2,442.10 1 0
github.com/rdkcentral/xconfwebconfig/dataapi/estbfirmware/estb_firmware_rule_eval.go:450.61,455.44 4 0
github.com/rdkcentral/xconfwebconfig/dataapi/estbfirmware/estb_firmware_rule_eval.go:455.44,459.108 4 0
github.com/rdkcentral/xconfwebconfig/dataapi/estbfirmware/estb_firmware_rule_eval.go:459.108,463.100 4 0
github.com/rdkcentral/xconfwebconfig/dataapi/estbfirmware/estb_firmware_rule_eval.go:463.100,465.5 1 0
github.com/rdkcentral/xconfwebconfig/dataapi/estbfirmware/estb_firmware_rule_eval.go:465.10,467.5 1 0
github.com/rdkcentral/xconfwebconfig/dataapi/estbfirmware/estb_firmware_rule_eval.go:468.9,468.56 1 0
github.com/rdkcentral/xconfwebconfig/dataapi/estbfirmware/estb_firmware_rule_eval.go:468.56,470.37 2 0
github.com/rdkcentral/xconfwebconfig/dataapi/estbfirmware/estb_firmware_rule_eval.go:470.37,471.44 1 0
github.com/rdkcentral/xconfwebconfig/dataapi/estbfirmware/estb_firmware_rule_eval.go:471.44,473.6 1 0
github.com/rdkcentral/xconfwebconfig/dataapi/estbfirmware/estb_firmware_rule_eval.go:479.2,479.16 1 0
github.com/rdkcentral/xconfwebconfig/dataapi/estbfirmware/estb_firmware_rule_eval.go:487.38,489.69 1 0
github.com/rdkcentral/xconfwebconfig/dataapi/estbfirmware/estb_firmware_rule_eval.go:489.69,491.3 1 0
github.com/rdkcentral/xconfwebconfig/dataapi/estbfirmware/estb_firmware_rule_eval.go:493.2,493.50 1 0
github.com/rdkcentral/xconfwebconfig/dataapi/estbfirmware/estb_firmware_rule_eval.go:496.104,497.31 1 1
github.com/rdkcentral/xconfwebconfig/dataapi/estbfirmware/estb_firmware_rule_eval.go:497.31,499.28 2 1
github.com/rdkcentral/xconfwebconfig/dataapi/estbfirmware/estb_firmware_rule_eval.go:499.28,501.4 1 1
github.com/rdkcentral/xconfwebconfig/dataapi/estbfirmware/estb_firmware_rule_eval.go:503.2,503.14 1 1
github.com/rdkcentral/xconfwebconfig/dataapi/estbfirmware/estb_firmware_rule_eval.go:507.142,511.37 4 0
github.com/rdkcentral/xconfwebconfig/dataapi/estbfirmware/estb_firmware_rule_eval.go:511.37,512.69 1 0
github.com/rdkcentral/xconfwebconfig/dataapi/estbfirmware/estb_firmware_rule_eval.go:512.69,515.4 2 0
github.com/rdkcentral/xconfwebconfig/dataapi/estbfirmware/estb_firmware_rule_eval.go:515.9,517.4 1 0
github.com/rdkcentral/xconfwebconfig/dataapi/estbfirmware/estb_firmware_rule_eval.go:521.2,521.18 1 0
github.com/rdkcentral/xconfwebconfig/dataapi/estbfirmware/estb_firmware_rule_eval.go:524.137,525.57 1 1
github.com/rdkcentral/xconfwebconfig/dataapi/estbfirmware/estb_firmware_rule_eval.go:525.57,526.29 1 1
github.com/rdkcentral/xconfwebconfig/dataapi/estbfirmware/estb_firmware_rule_eval.go:527.51,528.59 1 1
github.com/rdkcentral/xconfwebconfig/dataapi/estbfirmware/estb_firmware_rule_eval.go:528.59,530.5 1 1
github.com/rdkcentral/xconfwebconfig/dataapi/estbfirmware/estb_firmware_rule_eval.go:530.10,532.5 1 1
github.com/rdkcentral/xconfwebconfig/dataapi/estbfirmware/estb_firmware_rule_eval.go:533.23,534.54 1 1
github.com/rdkcentral/xconfwebconfig/dataapi/estbfirmware/estb_firmware_rule_eval.go:534.54,536.5 1 1
github.com/rdkcentral/xconfwebconfig/dataapi/estbfirmware/estb_firmware_rule_eval.go:536.10,538.5 1 1
github.com/rdkcentral/xconfwebconfig/dataapi/estbfirmware/estb_firmware_rule_eval.go:539.11,540.92 1 0
github.com/rdkcentral/xconfwebconfig/dataapi/estbfirmware/estb_firmware_rule_eval.go:543.2,543.115 1 1
github.com/rdkcentral/xconfwebconfig/dataapi/estbfirmware/estb_firmware_rule_eval.go:546.233,554.16 6 0
github.com/rdkcentral/xconfwebconfig/dataapi/estbfirmware/estb_firmware_rule_eval.go:554.16,556.3 1 0
github.com/rdkcentral/xconfwebconfig/dataapi/estbfirmware/estb_firmware_rule_eval.go:556.8,557.118 1 0
github.com/rdkcentral/xconfwebconfig/dataapi/estbfirmware/estb_firmware_rule_eval.go:557.118,559.4 1 0
github.com/rdkcentral/xconfwebconfig/dataapi/estbfirmware/estb_firmware_rule_eval.go:562.2,569.53 5 0
github.com/rdkcentral/xconfwebconfig/dataapi/estbfirmware/estb_firmware_rule_eval.go:569.53,572.3 2 0
github.com/rdkcentral/xconfwebconfig/dataapi/estbfirmware/estb_firmware_rule_eval.go:572.8,576.3 3 0
github.com/rdkcentral/xconfwebconfig/dataapi/estbfirmware/estb_firmware_rule_eval.go:578.2,582.105 3 0
github.com/rdkcentral/xconfwebconfig/dataapi/estbfirmware/estb_firmware_rule_eval.go:582.105,584.3 1 0
github.com/rdkcentral/xconfwebconfig/dataapi/estbfirmware/estb_firmware_rule_eval.go:587.2,587.98 1 0
github.com/rdkcentral/xconfwebconfig/dataapi/estbfirmware/estb_firmware_rule_eval.go:587.98,589.3 1 0
github.com/rdkcentral/xconfwebconfig/dataapi/estbfirmware/estb_firmware_rule_eval.go:591.2,592.27 2 0
github.com/rdkcentral/xconfwebconfig/dataapi/estbfirmware/estb_firmware_rule_eval.go:592.27,595.3 2 0
github.com/rdkcentral/xconfwebconfig/dataapi/estbfirmware/estb_firmware_rule_eval.go:597.2,597.14 1 0
github.com/rdkcentral/xconfwebconfig/dataapi/estbfirmware/estb_firmware_rule_eval.go:600.128,601.79 1 1
github.com/rdkcentral/xconfwebconfig/dataapi/estbfirmware/estb_firmware_rule_eval.go:601.79,603.3 1 1
github.com/rdkcentral/xconfwebconfig/dataapi/estbfirmware/estb_firmware_rule_eval.go:605.2,607.41 2 1
github.com/rdkcentral/xconfwebconfig/dataapi/estbfirmware/estb_firmware_rule_eval.go:607.41,608.99 1 1
github.com/rdkcentral/xconfwebconfig/dataapi/estbfirmware/estb_firmware_rule_eval.go:608.99,610.21 2 1
github.com/rdkcentral/xconfwebconfig/dataapi/estbfirmware/estb_firmware_rule_eval.go:610.21,612.5 1 0
github.com/rdkcentral/xconfwebconfig/dataapi/estbfirmware/estb_firmware_rule_eval.go:613.4,613.18 1 1
github.com/rdkcentral/xconfwebconfig/dataapi/estbfirmware/estb_firmware_rule_eval.go:616.2,616.16 1 1
github.com/rdkcentral/xconfwebconfig/dataapi/estbfirmware/estb_firmware_rule_eval.go:619.88,620.73 1 1
github.com/rdkcentral/xconfwebconfig/dataapi/estbfirmware/estb_firmware_rule_eval.go:620.73,622.3 1 1
github.com/rdkcentral/xconfwebconfig/dataapi/estbfirmware/estb_firmware_rule_eval.go:623.2,623.14 1 1
github.com/rdkcentral/xconfwebconfig/dataapi/estbfirmware/estb_firmware_rule_eval.go:626.42,628.2 1 0
github.com/rdkcentral/xconfwebconfig/dataapi/estbfirmware/estb_firmware_rule_eval.go:630.136,633.29 3 1
github.com/rdkcentral/xconfwebconfig/dataapi/estbfirmware/estb_firmware_rule_eval.go:633.29,634.22 1 1
github.com/rdkcentral/xconfwebconfig/dataapi/estbfirmware/estb_firmware_rule_eval.go:634.22,636.12 2 0
github.com/rdkcentral/xconfwebconfig/dataapi/estbfirmware/estb_firmware_rule_eval.go:638.3,638.46 1 1
github.com/rdkcentral/xconfwebconfig/dataapi/estbfirmware/estb_firmware_rule_eval.go:638.46,640.11 2 1
github.com/rdkcentral/xconfwebconfig/dataapi/estbfirmware/estb_firmware_rule_eval.go:640.11,642.5 1 1
github.com/rdkcentral/xconfwebconfig/dataapi/estbfirmware/estb_firmware_rule_eval.go:643.4,644.25 2 1
github.com/rdkcentral/xconfwebconfig/dataapi/estbfirmware/estb_firmware_rule_eval.go:647.2,648.15 2 1
github.com/rdkcentral/xconfwebconfig/dataapi/estbfirmware/estb_firmware_rule_eval.go:652.79,656.16 3 0
github.com/rdkcentral/xconfwebconfig/dataapi/estbfirmware/estb_firmware_rule_eval.go:656.16,659.3 2 0
github.com/rdkcentral/xconfwebconfig/dataapi/estbfirmware/estb_firmware_rule_eval.go:661.2,661.17 1 0
github.com/rdkcentral/xconfwebconfig/dataapi/estbfirmware/estb_firmware_rule_eval.go:661.17,664.3 2 0
github.com/rdkcentral/xconfwebconfig/dataapi/estbfirmware/estb_firmware_rule_eval.go:666.2,668.118 2 0
github.com/rdkcentral/xconfwebconfig/dataapi/estbfirmware/estb_firmware_rule_eval.go:668.118,669.42 1 0
github.com/rdkcentral/xconfwebconfig/dataapi/estbfirmware/estb_firmware_rule_eval.go:669.42,673.123 3 0
github.com/rdkcentral/xconfwebconfig/dataapi/estbfirmware/estb_firmware_rule_eval.go:673.123,675.5 1 0
github.com/rdkcentral/xconfwebconfig/dataapi/estbfirmware/estb_firmware_rule_eval.go:677.4,677.75 1 0
github.com/rdkcentral/xconfwebconfig/dataapi/estbfirmware/estb_firmware_rule_eval.go:677.75,679.5 1 0
github.com/rdkcentral/xconfwebconfig/dataapi/estbfirmware/estb_firmware_rule_eval.go:684.2,684.13 1 0
github.com/rdkcentral/xconfwebconfig/dataapi/estbfirmware/estb_firmware_rule_eval.go:688.113,691.16 3 0
github.com/rdkcentral/xconfwebconfig/dataapi/estbfirmware/estb_firmware_rule_eval.go:691.16,694.3 2 0
github.com/rdkcentral/xconfwebconfig/dataapi/estbfirmware/estb_firmware_rule_eval.go:696.2,696.39 1 0
github.com/rdkcentral/xconfwebconfig/dataapi/estbfirmware/estb_firmware_rule_eval.go:696.39,697.116 1 0
github.com/rdkcentral/xconfwebconfig/dataapi/estbfirmware/estb_firmware_rule_eval.go:697.116,699.18 2 0
github.com/rdkcentral/xconfwebconfig/dataapi/estbfirmware/estb_firmware_rule_eval.go:699.18,702.5 2 0
github.com/rdkcentral/xconfwebconfig/dataapi/estbfirmware/estb_firmware_rule_eval.go:703.4,704.126 2 0
github.com/rdkcentral/xconfwebconfig/dataapi/estbfirmware/estb_firmware_rule_eval.go:704.126,707.5 2 0
github.com/rdkcentral/xconfwebconfig/dataapi/estbfirmware/estb_firmware_rule_eval.go:711.2,711.28 1 0
github.com/rdkcentral/xconfwebconfig/dataapi/estbfirmware/estb_firmware_rule_eval.go:711.28,713.3 1 0
github.com/rdkcentral/xconfwebconfig/dataapi/estbfirmware/estb_firmware_rule_eval.go:715.2,719.16 4 0
github.com/rdkcentral/xconfwebconfig/dataapi/estbfirmware/estb_firmware_rule_eval.go:719.16,721.3 1 0
github.com/rdkcentral/xconfwebconfig/dataapi/estbfirmware/estb_firmware_rule_eval.go:721.8,726.3 4 0
github.com/rdkcentral/xconfwebconfig/dataapi/estbfirmware/estb_firmware_rule_eval.go:728.2,728.39 1 0
github.com/rdkcentral/xconfwebconfig/dataapi/estbfirmware/estb_firmware_rule_eval.go:728.39,729.61 1 0
github.com/rdkcentral/xconfwebconfig/dataapi/estbfirmware/estb_firmware_rule_eval.go:729.61,730.56 1 0
github.com/rdkcentral/xconfwebconfig/dataapi/estbfirmware/estb_firmware_rule_eval.go:730.56,732.5 1 0
github.com/rdkcentral/xconfwebconfig/dataapi/estbfirmware/estb_firmware_rule_eval.go:735.2,735.20 1 0
github.com/rdkcentral/xconfwebconfig/dataapi/estbfirmware/estb_firmware_rule_eval.go:738.115,746.46 6 0
github.com/rdkcentral/xconfwebconfig/dataapi/estbfirmware/estb_firmware_rule_eval.go:746.46,748.3 1 0
github.com/rdkcentral/xconfwebconfig/dataapi/estbfirmware/estb_firmware_rule_eval.go:750.2,750.13 1 0
github.com/rdkcentral/xconfwebconfig/dataapi/estbfirmware/estb_firmware_rule_eval.go:750.13,753.29 3 0
github.com/rdkcentral/xconfwebconfig/dataapi/estbfirmware/estb_firmware_rule_eval.go:753.29,755.4 1 0
github.com/rdkcentral/xconfwebconfig/dataapi/estbfirmware/estb_firmware_rule_eval.go:756.8,756.31 1 0
github.com/rdkcentral/xconfwebconfig/dataapi/estbfirmware/estb_firmware_rule_eval.go:756.31,759.29 3 0
github.com/rdkcentral/xconfwebconfig/dataapi/estbfirmware/estb_firmware_rule_eval.go:759.29,761.4 1 0
github.com/rdkcentral/xconfwebconfig/dataapi/estbfirmware/estb_firmware_rule_eval.go:765.97,766.51 1 0
github.com/rdkcentral/xconfwebconfig/dataapi/estbfirmware/estb_firmware_rule_eval.go:766.51,768.108 2 0
github.com/rdkcentral/xconfwebconfig/dataapi/estbfirmware/estb_firmware_rule_eval.go:768.108,769.12 1 0
github.com/rdkcentral/xconfwebconfig/dataapi/estbfirmware/estb_firmware_rule_eval.go:771.3,773.51 3 0
github.com/rdkcentral/xconfwebconfig/dataapi/estbfirmware/estb_firmware_rule_eval.go:773.51,775.4 1 0
github.com/rdkcentral/xconfwebconfig/dataapi/estbfirmware/estb_firmware_rule_eval.go:775.9,775.42 1 0
github.com/rdkcentral/xconfwebconfig/dataapi/estbfirmware/estb_firmware_rule_eval.go:775.42,776.50 1 0
github.com/rdkcentral/xconfwebconfig/dataapi/estbfirmware/estb_firmware_rule_eval.go:776.50,777.44 1 0
github.com/rdkcentral/xconfwebconfig/dataapi/estbfirmware/estb_firmware_rule_eval.go:777.44,779.6 1 0
github.com/rdkcentral/xconfwebconfig/dataapi/estbfirmware/estb_firmware_rule_eval.go:781.9,781.45 1 0
github.com/rdkcentral/xconfwebconfig/dataapi/estbfirmware/estb_firmware_rule_eval.go:781.45,784.18 3 0
github.com/rdkcentral/xconfwebconfig/dataapi/estbfirmware/estb_firmware_rule_eval.go:784.18,786.5 1 0
github.com/rdkcentral/xconfwebconfig/dataapi/estbfirmware/estb_firmware_rule_eval.go:787.4,787.21 1 0
github.com/rdkcentral/xconfwebconfig/dataapi/estbfirmware/estb_firmware_rule_eval.go:787.21,788.44 1 0
github.com/rdkcentral/xconfwebconfig/dataapi/estbfirmware/estb_firmware_rule_eval.go:788.44,789.43 1 0
github.com/rdkcentral/xconfwebconfig/dataapi/estbfirmware/estb_firmware_rule_eval.go:789.43,791.7 1 0
github.com/rdkcentral/xconfwebconfig/dataapi/estbfirmware/estb_firmware_rule_eval.go:797.2,797.14 1 0
github.com/rdkcentral/xconfwebconfig/dataapi/estbfirmware/estb_firmware_rule_eval.go:801.77,803.22 2 0
github.com/rdkcentral/xconfwebconfig/dataapi/estbfirmware/estb_firmware_rule_eval.go:803.22,806.3 2 0
github.com/rdkcentral/xconfwebconfig/dataapi/estbfirmware/estb_firmware_rule_eval.go:807.2,807.44 1 0
github.com/rdkcentral/xconfwebconfig/dataapi/estbfirmware/estb_firmware_rule_eval.go:810.92,811.35 1 0
github.com/rdkcentral/xconfwebconfig/dataapi/estbfirmware/estb_firmware_rule_eval.go:811.35,813.3 1 0
github.com/rdkcentral/xconfwebconfig/dataapi/estbfirmware/estb_firmware_rule_eval.go:814.2,814.103 1 0
github.com/rdkcentral/xconfwebconfig/dataapi/estbfirmware/estb_firmware_rule_eval.go:817.44,819.2 1 0
github.com/rdkcentral/xconfwebconfig/dataapi/estbfirmware/estb_firmware_rule_eval.go:821.131,831.16 5 0
github.com/rdkcentral/xconfwebconfig/dataapi/estbfirmware/estb_firmware_rule_eval.go:831.16,833.3 1 0
github.com/rdkcentral/xconfwebconfig/dataapi/estbfirmware/estb_firmware_rule_eval.go:835.2,840.16 4 0
github.com/rdkcentral/xconfwebconfig/dataapi/estbfirmware/estb_firmware_rule_eval.go:840.16,843.3 2 0
github.com/rdkcentral/xconfwebconfig/dataapi/estbfirmware/estb_firmware_rule_eval.go:845.2,848.118 3 0
github.com/rdkcentral/xconfwebconfig/dataapi/estbfirmware/estb_firmware_rule_eval.go:848.118,850.3 1 0
github.com/rdkcentral/xconfwebconfig/dataapi/estbfirmware/estb_firmware_rule_eval.go:852.2,852.67 1 0
github.com/rdkcentral/xconfwebconfig/dataapi/estbfirmware/estb_firmware_rule_eval.go:852.67,854.73 2 0
github.com/rdkcentral/xconfwebconfig/dataapi/estbfirmware/estb_firmware_rule_eval.go:854.73,856.4 1 0
github.com/rdkcentral/xconfwebconfig/dataapi/estbfirmware/estb_firmware_rule_eval.go:856.9,856.86 1 0
github.com/rdkcentral/xconfwebconfig/dataapi/estbfirmware/estb_firmware_rule_eval.go:856.86,858.4 1 0
github.com/rdkcentral/xconfwebconfig/dataapi/estbfirmware/estb_firmware_rule_eval.go:860.3,864.42 4 0
github.com/rdkcentral/xconfwebconfig/dataapi/estbfirmware/estb_firmware_rule_eval.go:864.42,866.150 2 0
github.com/rdkcentral/xconfwebconfig/dataapi/estbfirmware/estb_firmware_rule_eval.go:866.150,868.5 1 0
github.com/rdkcentral/xconfwebconfig/dataapi/estbfirmware/estb_firmware_rule_eval.go:871.3,871.59 1 0
github.com/rdkcentral/xconfwebconfig/dataapi/estbfirmware/estb_firmware_rule_eval.go:875.2,875.27 1 0
github.com/rdkcentral/xconfwebconfig/dataapi/estbfirmware/estb_firmware_rule_eval.go:878.119,881.2 2 0
github.com/rdkcentral/xconfwebconfig/dataapi/estbfirmware/estb_firmware_rule_eval.go:883.124,885.28 2 0
github.com/rdkcentral/xconfwebconfig/dataapi/estbfirmware/estb_firmware_rule_eval.go:885.28,886.38 1 0
github.com/rdkcentral/xconfwebconfig/dataapi/estbfirmware/estb_firmware_rule_eval.go:886.38,888.29 2 0
github.com/rdkcentral/xconfwebconfig/dataapi/estbfirmware/estb_firmware_rule_eval.go:888.29,890.5 1 0
github.com/rdkcentral/xconfwebconfig/dataapi/estbfirmware/estb_firmware_rule_eval.go:893.2,893.14 1 0
github.com/rdkcentral/xconfwebconfig/dataapi/estbfirmware/estb_firmware_rule_eval.go:901.58,905.38 3 0
github.com/rdkcentral/xconfwebconfig/dataapi/estbfirmware/estb_firmware_rule_eval.go:905.38,907.3 1 0
github.com/rdkcentral/xconfwebconfig/dataapi/estbfirmware/estb_firmware_rule_eval.go:909.2,909.12 1 0
github.com/rdkcentral/xconfwebconfig/dataapi/estbfirmware/estb_firmware_rule_eval.go:918.91,919.50 1 0
github.com/rdkcentral/xconfwebconfig/dataapi/estbfirmware/estb_firmware_rule_eval.go:919.50,921.3 1 0
github.com/rdkcentral/xconfwebconfig/dataapi/estbfirmware/estb_firmware_rule_eval.go:922.2,922.14 1 0
github.com/rdkcentral/xconfwebconfig/dataapi/estbfirmware/estb_firmware_rule_eval.go:925.131,932.37 3 0
github.com/rdkcentral/xconfwebconfig/dataapi/estbfirmware/estb_firmware_rule_eval.go:932.37,933.39 1 0
github.com/rdkcentral/xconfwebconfig/dataapi/estbfirmware/estb_firmware_rule_eval.go:933.39,935.4 1 0
github.com/rdkcentral/xconfwebconfig/dataapi/estbfirmware/estb_firmware_rule_eval.go:937.2,937.15 1 0
github.com/rdkcentral/xconfwebconfig/dataapi/estbfirmware/estb_firmware_rule_eval.go:940.136,942.109 2 0
github.com/rdkcentral/xconfwebconfig/dataapi/estbfirmware/estb_firmware_rule_eval.go:942.109,944.3 1 0
github.com/rdkcentral/xconfwebconfig/dataapi/estbfirmware/estb_firmware_rule_eval.go:945.2,947.144 3 0
github.com/rdkcentral/xconfwebconfig/dataapi/estbfirmware/estb_firmware_rule_eval.go:947.144,949.3 1 0
github.com/rdkcentral/xconfwebconfig/dataapi/estbfirmware/estb_firmware_rule_eval.go:949.8,951.3 1 0
github.com/rdkcentral/xconfwebconfig/dataapi/estbfirmware/estb_firmware_rule_eval.go:955.44,956.22 1 1
github.com/rdkcentral/xconfwebconfig/dataapi/estbfirmware/estb_firmware_rule_eval.go:956.22,957.15 1 1
github.com/rdkcentral/xconfwebconfig/dataapi/estbfirmware/estb_firmware_rule_eval.go:957.15,959.4 1 1
github.com/rdkcentral/xconfwebconfig/dataapi/estbfirmware/estb_firmware_rule_eval.go:961.2,961.14 1 1
github.com/rdkcentral/xconfwebconfig/dataapi/estbfirmware/ip_mac_filter_rule_query_service.go:43.93,45.16 2 0
github.com/rdkcentral/xconfwebconfig/dataapi/estbfirmware/ip_mac_filter_rule_query_service.go:45.16,48.3 2 0
github.com/rdkcentral/xconfwebconfig/dataapi/estbfirmware/ip_mac_filter_rule_query_service.go:49.2,50.30 2 0
github.com/rdkcentral/xconfwebconfig/dataapi/estbfirmware/ip_mac_filter_rule_query_service.go:50.30,51.47 1 0
github.com/rdkcentral/xconfwebconfig/dataapi/estbfirmware/ip_mac_filter_rule_query_service.go:51.47,52.12 1 0
github.com/rdkcentral/xconfwebconfig/dataapi/estbfirmware/ip_mac_filter_rule_query_service.go:54.3,54.37 1 0
github.com/rdkcentral/xconfwebconfig/dataapi/estbfirmware/ip_mac_filter_rule_query_service.go:54.37,55.12 1 0
github.com/rdkcentral/xconfwebconfig/dataapi/estbfirmware/ip_mac_filter_rule_query_service.go:57.3,58.36 2 0
github.com/rdkcentral/xconfwebconfig/dataapi/estbfirmware/ip_mac_filter_rule_query_service.go:60.2,60.15 1 0
github.com/rdkcentral/xconfwebconfig/dataapi/estbfirmware/ip_mac_filter_rule_query_service.go:64.111,66.17 2 0
github.com/rdkcentral/xconfwebconfig/dataapi/estbfirmware/ip_mac_filter_rule_query_service.go:66.17,70.3 2 0
github.com/rdkcentral/xconfwebconfig/dataapi/estbfirmware/ip_mac_filter_rule_query_service.go:71.2,71.13 1 0
github.com/rdkcentral/xconfwebconfig/dataapi/estbfirmware/ip_mac_filter_rule_query_service.go:75.87,76.23 1 0
github.com/rdkcentral/xconfwebconfig/dataapi/estbfirmware/ip_mac_filter_rule_query_service.go:76.23,78.3 1 0
github.com/rdkcentral/xconfwebconfig/dataapi/estbfirmware/ip_mac_filter_rule_query_service.go:80.2,81.31 2 0
github.com/rdkcentral/xconfwebconfig/dataapi/estbfirmware/ip_mac_filter_rule_query_service.go:81.31,83.3 1 0
github.com/rdkcentral/xconfwebconfig/dataapi/estbfirmware/ip_mac_filter_rule_query_service.go:84.2,84.42 1 0
github.com/rdkcentral/xconfwebconfig/dataapi/estbfirmware/ip_mac_filter_rule_query_service.go:84.42,86.3 1 0
github.com/rdkcentral/xconfwebconfig/dataapi/estbfirmware/ip_mac_filter_rule_query_service.go:88.2,88.82 1 0
github.com/rdkcentral/xconfwebconfig/dataapi/estbfirmware/ip_mac_filter_rule_query_service.go:92.43,94.2 1 0
github.com/rdkcentral/xconfwebconfig/dataapi/estbfirmware/ip_mac_filter_rule_query_service.go:96.64,98.16 2 0
github.com/rdkcentral/xconfwebconfig/dataapi/estbfirmware/ip_mac_filter_rule_query_service.go:98.16,100.3 1 0
github.com/rdkcentral/xconfwebconfig/dataapi/estbfirmware/ip_mac_filter_rule_query_service.go:101.2,102.16 2 0
github.com/rdkcentral/xconfwebconfig/dataapi/estbfirmware/ip_mac_filter_rule_query_service.go:102.16,104.3 1 0
github.com/rdkcentral/xconfwebconfig/dataapi/estbfirmware/ip_mac_filter_rule_query_service.go:105.2,105.13 1 0
github.com/rdkcentral/xconfwebconfig/dataapi/estbfirmware/ip_mac_filter_rule_query_service.go:108.86,109.19 1 1
github.com/rdkcentral/xconfwebconfig/dataapi/estbfirmware/ip_mac_filter_rule_query_service.go:109.19,113.3 3 1
github.com/rdkcentral/xconfwebconfig/dataapi/estbfirmware/ip_mac_filter_rule_query_service.go:114.2,114.15 1 1
github.com/rdkcentral/xconfwebconfig/dataapi/estbfirmware/ip_mac_filter_rule_query_service.go:122.78,124.16 2 0
github.com/rdkcentral/xconfwebconfig/dataapi/estbfirmware/ip_mac_filter_rule_query_service.go:124.16,126.3 1 0
github.com/rdkcentral/xconfwebconfig/dataapi/estbfirmware/ip_mac_filter_rule_query_service.go:127.2,127.12 1 0
github.com/rdkcentral/xconfwebconfig/dataapi/estbfirmware/ip_mac_filter_rule_query_service.go:130.101,131.67 1 0
github.com/rdkcentral/xconfwebconfig/dataapi/estbfirmware/ip_mac_filter_rule_query_service.go:131.67,132.62 1 0
github.com/rdkcentral/xconfwebconfig/dataapi/estbfirmware/ip_mac_filter_rule_query_service.go:132.62,134.4 1 0
github.com/rdkcentral/xconfwebconfig/dataapi/estbfirmware/ip_mac_filter_rule_query_service.go:136.2,136.12 1 0
github.com/rdkcentral/xconfwebconfig/dataapi/estbfirmware/ip_mac_filter_rule_query_service.go:139.93,141.16 2 0
github.com/rdkcentral/xconfwebconfig/dataapi/estbfirmware/ip_mac_filter_rule_query_service.go:141.16,144.3 2 0
github.com/rdkcentral/xconfwebconfig/dataapi/estbfirmware/ip_mac_filter_rule_query_service.go:146.2,148.30 3 0
github.com/rdkcentral/xconfwebconfig/dataapi/estbfirmware/ip_mac_filter_rule_query_service.go:148.30,149.67 1 0
github.com/rdkcentral/xconfwebconfig/dataapi/estbfirmware/ip_mac_filter_rule_query_service.go:149.67,150.12 1 0
github.com/rdkcentral/xconfwebconfig/dataapi/estbfirmware/ip_mac_filter_rule_query_service.go:152.3,152.37 1 0
github.com/rdkcentral/xconfwebconfig/dataapi/estbfirmware/ip_mac_filter_rule_query_service.go:152.37,153.12 1 0
github.com/rdkcentral/xconfwebconfig/dataapi/estbfirmware/ip_mac_filter_rule_query_service.go:156.3,158.22 2 0
github.com/rdkcentral/xconfwebconfig/dataapi/estbfirmware/ip_mac_filter_rule_query_service.go:158.22,159.12 1 0
github.com/rdkcentral/xconfwebconfig/dataapi/estbfirmware/ip_mac_filter_rule_query_service.go:161.3,161.48 1 0
github.com/rdkcentral/xconfwebconfig/dataapi/estbfirmware/ip_mac_filter_rule_query_service.go:161.48,162.12 1 0
github.com/rdkcentral/xconfwebconfig/dataapi/estbfirmware/ip_mac_filter_rule_query_service.go:164.3,165.36 2 0
github.com/rdkcentral/xconfwebconfig/dataapi/estbfirmware/ip_mac_filter_rule_query_service.go:167.2,167.15 1 0
github.com/rdkcentral/xconfwebconfig/dataapi/estbfirmware/ip_mac_filter_rule_query_service.go:170.83,171.25 1 0
github.com/rdkcentral/xconfwebconfig/dataapi/estbfirmware/ip_mac_filter_rule_query_service.go:171.25,173.3 1 0
github.com/rdkcentral/xconfwebconfig/dataapi/estbfirmware/ip_mac_filter_rule_query_service.go:175.2,176.17 2 0
github.com/rdkcentral/xconfwebconfig/dataapi/estbfirmware/ip_mac_filter_rule_query_service.go:176.17,178.3 1 0
github.com/rdkcentral/xconfwebconfig/dataapi/estbfirmware/ip_mac_filter_rule_query_service.go:179.2,179.31 1 0
github.com/rdkcentral/xconfwebconfig/dataapi/estbfirmware/ip_mac_filter_rule_query_service.go:179.31,181.3 1 0
github.com/rdkcentral/xconfwebconfig/dataapi/estbfirmware/ip_mac_filter_rule_query_service.go:182.2,182.71 1 0
github.com/rdkcentral/xconfwebconfig/dataapi/estbfirmware/ip_mac_filter_rule_query_service.go:185.45,187.2 1 0
github.com/rdkcentral/xconfwebconfig/dataapi/estbfirmware/ip_mac_filter_rule_query_service.go:192.54,194.2 1 1
github.com/rdkcentral/xconfwebconfig/dataapi/estbfirmware/ip_mac_filter_rule_query_service.go:196.98,198.29 2 0
github.com/rdkcentral/xconfwebconfig/dataapi/estbfirmware/ip_mac_filter_rule_query_service.go:198.29,201.3 2 0
github.com/rdkcentral/xconfwebconfig/dataapi/estbfirmware/ip_mac_filter_rule_query_service.go:203.2,204.16 2 0
github.com/rdkcentral/xconfwebconfig/dataapi/estbfirmware/ip_mac_filter_rule_query_service.go:204.16,207.3 2 0
github.com/rdkcentral/xconfwebconfig/dataapi/estbfirmware/ip_mac_filter_rule_query_service.go:212.106,213.39 1 1
github.com/rdkcentral/xconfwebconfig/dataapi/estbfirmware/ip_mac_filter_rule_query_service.go:213.39,215.9 2 1
github.com/rdkcentral/xconfwebconfig/dataapi/estbfirmware/ip_mac_filter_rule_query_service.go:215.9,217.4 1 1
github.com/rdkcentral/xconfwebconfig/dataapi/estbfirmware/ip_mac_filter_rule_query_service.go:219.2,219.12 1 1
github.com/rdkcentral/xconfwebconfig/dataapi/estbfirmware/ip_mac_filter_rule_query_service.go:225.95,227.16 2 0
github.com/rdkcentral/xconfwebconfig/dataapi/estbfirmware/ip_mac_filter_rule_query_service.go:227.16,230.3 2 0
github.com/rdkcentral/xconfwebconfig/dataapi/estbfirmware/ip_mac_filter_rule_query_service.go:231.2,232.37 2 0
github.com/rdkcentral/xconfwebconfig/dataapi/estbfirmware/ip_mac_filter_rule_query_service.go:232.37,233.54 1 0
github.com/rdkcentral/xconfwebconfig/dataapi/estbfirmware/ip_mac_filter_rule_query_service.go:233.54,234.12 1 0
github.com/rdkcentral/xconfwebconfig/dataapi/estbfirmware/ip_mac_filter_rule_query_service.go:237.3,237.104 1 0
github.com/rdkcentral/xconfwebconfig/dataapi/estbfirmware/ip_mac_filter_rule_query_service.go:237.104,238.12 1 0
github.com/rdkcentral/xconfwebconfig/dataapi/estbfirmware/ip_mac_filter_rule_query_service.go:240.3,240.76 1 0
github.com/rdkcentral/xconfwebconfig/dataapi/estbfirmware/ip_mac_filter_rule_query_service.go:240.76,241.12 1 0
github.com/rdkcentral/xconfwebconfig/dataapi/estbfirmware/ip_mac_filter_rule_query_service.go:243.3,243.40 1 0
github.com/rdkcentral/xconfwebconfig/dataapi/estbfirmware/ip_mac_filter_rule_query_service.go:245.2,245.15 1 0
github.com/rdkcentral/xconfwebconfig/dataapi/estbfirmware/ip_mac_filter_rule_query_service.go:248.95,250.16 2 0
github.com/rdkcentral/xconfwebconfig/dataapi/estbfirmware/ip_mac_filter_rule_query_service.go:250.16,253.3 2 0
github.com/rdkcentral/xconfwebconfig/dataapi/estbfirmware/ip_mac_filter_rule_query_service.go:254.2,257.30 4 0
github.com/rdkcentral/xconfwebconfig/dataapi/estbfirmware/ip_mac_filter_rule_query_service.go:257.30,258.47 1 0
github.com/rdkcentral/xconfwebconfig/dataapi/estbfirmware/ip_mac_filter_rule_query_service.go:258.47,259.12 1 0
github.com/rdkcentral/xconfwebconfig/dataapi/estbfirmware/ip_mac_filter_rule_query_service.go:262.3,262.90 1 0
github.com/rdkcentral/xconfwebconfig/dataapi/estbfirmware/ip_mac_filter_rule_query_service.go:262.90,263.12 1 0
github.com/rdkcentral/xconfwebconfig/dataapi/estbfirmware/ip_mac_filter_rule_query_service.go:265.3,265.38 1 0
github.com/rdkcentral/xconfwebconfig/dataapi/estbfirmware/ip_mac_filter_rule_query_service.go:265.38,266.12 1 0
github.com/rdkcentral/xconfwebconfig/dataapi/estbfirmware/ip_mac_filter_rule_query_service.go:268.3,270.16 3 0
github.com/rdkcentral/xconfwebconfig/dataapi/estbfirmware/ip_mac_filter_rule_query_service.go:270.16,272.4 1 0
github.com/rdkcentral/xconfwebconfig/dataapi/estbfirmware/ip_mac_filter_rule_query_service.go:273.3,274.18 2 0
github.com/rdkcentral/xconfwebconfig/dataapi/estbfirmware/ip_mac_filter_rule_query_service.go:274.18,276.4 1 0
github.com/rdkcentral/xconfwebconfig/dataapi/estbfirmware/ip_mac_filter_rule_query_service.go:277.3,277.31 1 0
github.com/rdkcentral/xconfwebconfig/dataapi/estbfirmware/ip_mac_filter_rule_query_service.go:277.31,279.4 1 0
github.com/rdkcentral/xconfwebconfig/dataapi/estbfirmware/ip_mac_filter_rule_query_service.go:281.2,281.15 1 0
github.com/rdkcentral/xconfwebconfig/dataapi/estbfirmware/ip_mac_filter_rule_query_service.go:284.145,286.22 2 0
github.com/rdkcentral/xconfwebconfig/dataapi/estbfirmware/ip_mac_filter_rule_query_service.go:286.22,288.3 1 0
github.com/rdkcentral/xconfwebconfig/dataapi/estbfirmware/ip_mac_filter_rule_query_service.go:288.8,290.3 1 0
github.com/rdkcentral/xconfwebconfig/dataapi/estbfirmware/ip_mac_filter_rule_query_service.go:291.2,292.20 2 0
github.com/rdkcentral/xconfwebconfig/dataapi/estbfirmware/ip_mac_filter_rule_query_service.go:295.86,297.16 2 1
github.com/rdkcentral/xconfwebconfig/dataapi/estbfirmware/ip_mac_filter_rule_query_service.go:297.16,300.3 2 1
github.com/rdkcentral/xconfwebconfig/dataapi/estbfirmware/ip_mac_filter_rule_query_service.go:301.2,301.29 1 0
github.com/rdkcentral/xconfwebconfig/dataapi/estbfirmware/ip_mac_filter_rule_query_service.go:301.29,303.3 1 0
github.com/rdkcentral/xconfwebconfig/dataapi/estbfirmware/ip_mac_filter_rule_query_service.go:304.2,304.11 1 0
github.com/rdkcentral/xconfwebconfig/dataapi/estbfirmware/ip_mac_filter_rule_query_service.go:307.105,311.51 4 0
github.com/rdkcentral/xconfwebconfig/dataapi/estbfirmware/ip_mac_filter_rule_query_service.go:311.51,317.40 5 0
github.com/rdkcentral/xconfwebconfig/dataapi/estbfirmware/ip_mac_filter_rule_query_service.go:317.40,318.47 1 0
github.com/rdkcentral/xconfwebconfig/dataapi/estbfirmware/ip_mac_filter_rule_query_service.go:318.47,319.13 1 0
github.com/rdkcentral/xconfwebconfig/dataapi/estbfirmware/ip_mac_filter_rule_query_service.go:321.4,321.69 1 0
github.com/rdkcentral/xconfwebconfig/dataapi/estbfirmware/ip_mac_filter_rule_query_service.go:321.69,323.101 2 0
github.com/rdkcentral/xconfwebconfig/dataapi/estbfirmware/ip_mac_filter_rule_query_service.go:323.101,325.105 2 0
github.com/rdkcentral/xconfwebconfig/dataapi/estbfirmware/ip_mac_filter_rule_query_service.go:325.105,328.7 2 0
github.com/rdkcentral/xconfwebconfig/dataapi/estbfirmware/ip_mac_filter_rule_query_service.go:329.11,329.104 1 0
github.com/rdkcentral/xconfwebconfig/dataapi/estbfirmware/ip_mac_filter_rule_query_service.go:329.104,331.6 1 0
github.com/rdkcentral/xconfwebconfig/dataapi/estbfirmware/ip_mac_filter_rule_query_service.go:331.11,331.108 1 0
github.com/rdkcentral/xconfwebconfig/dataapi/estbfirmware/ip_mac_filter_rule_query_service.go:331.108,333.6 1 0
github.com/rdkcentral/xconfwebconfig/dataapi/estbfirmware/ip_mac_filter_rule_query_service.go:334.5,334.94 1 0
github.com/rdkcentral/xconfwebconfig/dataapi/estbfirmware/ip_mac_filter_rule_query_service.go:334.94,336.6 1 0
github.com/rdkcentral/xconfwebconfig/dataapi/estbfirmware/ip_mac_filter_rule_query_service.go:338.5,338.35 1 0
github.com/rdkcentral/xconfwebconfig/dataapi/estbfirmware/ip_mac_filter_rule_query_service.go:338.35,340.11 2 0
github.com/rdkcentral/xconfwebconfig/dataapi/estbfirmware/ip_mac_filter_rule_query_service.go:345.2,345.21 1 0
github.com/rdkcentral/xconfwebconfig/dataapi/estbfirmware/ip_mac_filter_rule_query_service.go:348.75,349.43 1 1
github.com/rdkcentral/xconfwebconfig/dataapi/estbfirmware/ip_mac_filter_rule_query_service.go:349.43,351.44 2 1
github.com/rdkcentral/xconfwebconfig/dataapi/estbfirmware/ip_mac_filter_rule_query_service.go:351.44,353.4 1 1
github.com/rdkcentral/xconfwebconfig/dataapi/estbfirmware/ip_mac_filter_rule_query_service.go:355.2,355.14 1 1
github.com/rdkcentral/xconfwebconfig/dataapi/estbfirmware/ip_mac_filter_rule_query_service.go:358.99,360.16 2 0
github.com/rdkcentral/xconfwebconfig/dataapi/estbfirmware/ip_mac_filter_rule_query_service.go:360.16,363.3 2 0
github.com/rdkcentral/xconfwebconfig/dataapi/estbfirmware/ip_mac_filter_rule_query_service.go:364.2,367.30 4 0
github.com/rdkcentral/xconfwebconfig/dataapi/estbfirmware/ip_mac_filter_rule_query_service.go:367.30,368.111 1 0
github.com/rdkcentral/xconfwebconfig/dataapi/estbfirmware/ip_mac_filter_rule_query_service.go:368.111,369.12 1 0
github.com/rdkcentral/xconfwebconfig/dataapi/estbfirmware/ip_mac_filter_rule_query_service.go:371.3,371.90 1 0
github.com/rdkcentral/xconfwebconfig/dataapi/estbfirmware/ip_mac_filter_rule_query_service.go:371.90,372.12 1 0
github.com/rdkcentral/xconfwebconfig/dataapi/estbfirmware/ip_mac_filter_rule_query_service.go:374.3,374.69 1 0
github.com/rdkcentral/xconfwebconfig/dataapi/estbfirmware/ip_mac_filter_rule_query_service.go:374.69,375.12 1 0
github.com/rdkcentral/xconfwebconfig/dataapi/estbfirmware/ip_mac_filter_rule_query_service.go:377.3,379.16 3 0
github.com/rdkcentral/xconfwebconfig/dataapi/estbfirmware/ip_mac_filter_rule_query_service.go:379.16,381.4 1 0
github.com/rdkcentral/xconfwebconfig/dataapi/estbfirmware/ip_mac_filter_rule_query_service.go:382.3,383.18 2 0
github.com/rdkcentral/xconfwebconfig/dataapi/estbfirmware/ip_mac_filter_rule_query_service.go:383.18,385.4 1 0
github.com/rdkcentral/xconfwebconfig/dataapi/estbfirmware/ip_mac_filter_rule_query_service.go:386.3,386.31 1 0
github.com/rdkcentral/xconfwebconfig/dataapi/estbfirmware/ip_mac_filter_rule_query_service.go:386.31,388.4 1 0
github.com/rdkcentral/xconfwebconfig/dataapi/estbfirmware/ip_mac_filter_rule_query_service.go:390.2,390.15 1 0
github.com/rdkcentral/xconfwebconfig/dataapi/estbfirmware/ip_mac_filter_rule_query_service.go:393.98,396.44 3 0
github.com/rdkcentral/xconfwebconfig/dataapi/estbfirmware/ip_mac_filter_rule_query_service.go:396.44,398.17 2 0
github.com/rdkcentral/xconfwebconfig/dataapi/estbfirmware/ip_mac_filter_rule_query_service.go:398.17,400.4 1 0
github.com/rdkcentral/xconfwebconfig/dataapi/estbfirmware/ip_mac_filter_rule_query_service.go:401.3,402.20 2 0
github.com/rdkcentral/xconfwebconfig/dataapi/estbfirmware/ip_mac_filter_rule_query_service.go:402.20,404.4 1 0
github.com/rdkcentral/xconfwebconfig/dataapi/estbfirmware/ip_mac_filter_rule_query_service.go:404.9,406.4 1 0
github.com/rdkcentral/xconfwebconfig/dataapi/estbfirmware/ip_mac_filter_rule_query_service.go:408.2,408.20 1 0
github.com/rdkcentral/xconfwebconfig/dataapi/estbfirmware/ip_mac_filter_rule_query_service.go:414.102,416.16 2 0
github.com/rdkcentral/xconfwebconfig/dataapi/estbfirmware/ip_mac_filter_rule_query_service.go:416.16,419.3 2 0
github.com/rdkcentral/xconfwebconfig/dataapi/estbfirmware/ip_mac_filter_rule_query_service.go:420.2,423.30 4 0
github.com/rdkcentral/xconfwebconfig/dataapi/estbfirmware/ip_mac_filter_rule_query_service.go:423.30,424.44 1 0
github.com/rdkcentral/xconfwebconfig/dataapi/estbfirmware/ip_mac_filter_rule_query_service.go:424.44,425.12 1 0
github.com/rdkcentral/xconfwebconfig/dataapi/estbfirmware/ip_mac_filter_rule_query_service.go:427.3,427.47 1 0
github.com/rdkcentral/xconfwebconfig/dataapi/estbfirmware/ip_mac_filter_rule_query_service.go:427.47,428.12 1 0
github.com/rdkcentral/xconfwebconfig/dataapi/estbfirmware/ip_mac_filter_rule_query_service.go:430.3,432.16 3 0
github.com/rdkcentral/xconfwebconfig/dataapi/estbfirmware/ip_mac_filter_rule_query_service.go:432.16,434.4 1 0
github.com/rdkcentral/xconfwebconfig/dataapi/estbfirmware/ip_mac_filter_rule_query_service.go:435.3,436.18 2 0
github.com/rdkcentral/xconfwebconfig/dataapi/estbfirmware/ip_mac_filter_rule_query_service.go:436.18,438.4 1 0
github.com/rdkcentral/xconfwebconfig/dataapi/estbfirmware/ip_mac_filter_rule_query_service.go:439.3,439.31 1 0
github.com/rdkcentral/xconfwebconfig/dataapi/estbfirmware/ip_mac_filter_rule_query_service.go:439.31,441.4 1 0
github.com/rdkcentral/xconfwebconfig/dataapi/estbfirmware/ip_mac_filter_rule_query_service.go:443.2,443.15 1 0
