mode: set
github.com/rdkcentral/xconfwebconfig/dataapi/data_service_info.go:33.71,35.37 2 0
github.com/rdkcentral/xconfwebconfig/dataapi/data_service_info.go:35.37,39.3 3 0
github.com/rdkcentral/xconfwebconfig/dataapi/data_service_info.go:39.8,41.3 1 0
github.com/rdkcentral/xconfwebconfig/dataapi/data_service_info.go:44.68,47.16 3 0
github.com/rdkcentral/xconfwebconfig/dataapi/data_service_info.go:47.16,48.78 1 0
github.com/rdkcentral/xconfwebconfig/dataapi/data_service_info.go:48.78,51.4 2 0
github.com/rdkcentral/xconfwebconfig/dataapi/data_service_info.go:51.9,53.4 1 0
github.com/rdkcentral/xconfwebconfig/dataapi/data_service_info.go:54.8,56.3 1 0
github.com/rdkcentral/xconfwebconfig/dataapi/data_service_info.go:59.64,63.2 3 0
github.com/rdkcentral/xconfwebconfig/dataapi/dataapi_common.go:42.66,44.15 2 1
github.com/rdkcentral/xconfwebconfig/dataapi/dataapi_common.go:44.15,46.3 1 1
github.com/rdkcentral/xconfwebconfig/dataapi/dataapi_common.go:46.8,48.3 1 1
github.com/rdkcentral/xconfwebconfig/dataapi/dataapi_common.go:49.2,49.9 1 1
github.com/rdkcentral/xconfwebconfig/dataapi/dataapi_common.go:52.59,54.2 1 1
github.com/rdkcentral/xconfwebconfig/dataapi/dataapi_common.go:56.61,58.2 1 1
github.com/rdkcentral/xconfwebconfig/dataapi/dataapi_common.go:60.95,61.30 1 1
github.com/rdkcentral/xconfwebconfig/dataapi/dataapi_common.go:62.32,63.68 1 1
github.com/rdkcentral/xconfwebconfig/dataapi/dataapi_common.go:64.31,65.67 1 1
github.com/rdkcentral/xconfwebconfig/dataapi/dataapi_common.go:66.40,67.76 1 1
github.com/rdkcentral/xconfwebconfig/dataapi/dataapi_common.go:68.40,69.76 1 1
github.com/rdkcentral/xconfwebconfig/dataapi/dataapi_common.go:70.10,71.67 1 1
github.com/rdkcentral/xconfwebconfig/dataapi/dataapi_common.go:75.87,76.37 1 1
github.com/rdkcentral/xconfwebconfig/dataapi/dataapi_common.go:76.37,77.81 1 1
github.com/rdkcentral/xconfwebconfig/dataapi/dataapi_common.go:77.81,79.4 1 1
github.com/rdkcentral/xconfwebconfig/dataapi/dataapi_common.go:79.9,81.4 1 1
github.com/rdkcentral/xconfwebconfig/dataapi/dataapi_common.go:85.59,87.2 1 1
github.com/rdkcentral/xconfwebconfig/dataapi/dataapi_common.go:89.95,90.39 1 1
github.com/rdkcentral/xconfwebconfig/dataapi/dataapi_common.go:90.39,92.3 1 1
github.com/rdkcentral/xconfwebconfig/dataapi/dataapi_common.go:93.2,94.16 2 1
github.com/rdkcentral/xconfwebconfig/dataapi/dataapi_common.go:94.16,97.3 2 1
github.com/rdkcentral/xconfwebconfig/dataapi/dataapi_common.go:98.2,101.66 4 1
github.com/rdkcentral/xconfwebconfig/dataapi/dataapi_common.go:104.96,106.17 2 1
github.com/rdkcentral/xconfwebconfig/dataapi/dataapi_common.go:106.17,108.3 1 1
github.com/rdkcentral/xconfwebconfig/dataapi/dataapi_common.go:109.2,110.15 2 1
github.com/rdkcentral/xconfwebconfig/dataapi/dataapi_common.go:110.15,112.3 1 1
github.com/rdkcentral/xconfwebconfig/dataapi/dataapi_common.go:113.2,114.19 2 1
github.com/rdkcentral/xconfwebconfig/dataapi/dataapi_common.go:114.19,116.17 2 1
github.com/rdkcentral/xconfwebconfig/dataapi/dataapi_common.go:116.17,118.4 1 1
github.com/rdkcentral/xconfwebconfig/dataapi/dataapi_common.go:120.2,121.18 2 1
github.com/rdkcentral/xconfwebconfig/dataapi/dataapi_common.go:121.18,123.17 2 1
github.com/rdkcentral/xconfwebconfig/dataapi/dataapi_common.go:123.17,125.4 1 1
github.com/rdkcentral/xconfwebconfig/dataapi/dataapi_common.go:127.2,128.21 2 1
github.com/rdkcentral/xconfwebconfig/dataapi/dataapi_common.go:128.21,130.3 1 1
github.com/rdkcentral/xconfwebconfig/dataapi/dataapi_common.go:133.172,135.20 2 1
github.com/rdkcentral/xconfwebconfig/dataapi/dataapi_common.go:135.20,137.3 1 1
github.com/rdkcentral/xconfwebconfig/dataapi/dataapi_common.go:137.8,139.3 1 0
github.com/rdkcentral/xconfwebconfig/dataapi/dataapi_common.go:140.2,140.88 1 1
github.com/rdkcentral/xconfwebconfig/dataapi/dataapi_common.go:140.88,142.17 2 0
github.com/rdkcentral/xconfwebconfig/dataapi/dataapi_common.go:142.17,145.4 2 0
github.com/rdkcentral/xconfwebconfig/dataapi/dataapi_common.go:145.9,146.29 1 0
github.com/rdkcentral/xconfwebconfig/dataapi/dataapi_common.go:146.29,148.5 1 0
github.com/rdkcentral/xconfwebconfig/dataapi/dataapi_common.go:149.4,149.15 1 0
github.com/rdkcentral/xconfwebconfig/dataapi/dataapi_common.go:152.2,152.12 1 1
github.com/rdkcentral/xconfwebconfig/dataapi/dataapi_common.go:155.131,157.20 2 0
github.com/rdkcentral/xconfwebconfig/dataapi/dataapi_common.go:157.20,159.3 1 0
github.com/rdkcentral/xconfwebconfig/dataapi/dataapi_common.go:159.8,161.3 1 0
github.com/rdkcentral/xconfwebconfig/dataapi/dataapi_common.go:163.2,164.29 2 0
github.com/rdkcentral/xconfwebconfig/dataapi/dataapi_common.go:164.29,167.41 3 0
github.com/rdkcentral/xconfwebconfig/dataapi/dataapi_common.go:167.41,169.4 1 0
github.com/rdkcentral/xconfwebconfig/dataapi/dataapi_common.go:170.3,170.17 1 0
github.com/rdkcentral/xconfwebconfig/dataapi/dataapi_common.go:170.17,172.4 1 0
github.com/rdkcentral/xconfwebconfig/dataapi/dataapi_common.go:172.9,174.4 1 0
github.com/rdkcentral/xconfwebconfig/dataapi/dataapi_common.go:176.2,176.18 1 0
github.com/rdkcentral/xconfwebconfig/dataapi/dataapi_common.go:179.56,180.95 1 1
github.com/rdkcentral/xconfwebconfig/dataapi/dataapi_common.go:180.95,182.54 2 1
github.com/rdkcentral/xconfwebconfig/dataapi/dataapi_common.go:182.54,183.38 1 1
github.com/rdkcentral/xconfwebconfig/dataapi/dataapi_common.go:183.38,185.5 1 1
github.com/rdkcentral/xconfwebconfig/dataapi/dataapi_common.go:188.2,188.11 1 1
github.com/rdkcentral/xconfwebconfig/dataapi/dataapi_common.go:191.66,192.35 1 1
github.com/rdkcentral/xconfwebconfig/dataapi/dataapi_common.go:192.35,193.37 1 1
github.com/rdkcentral/xconfwebconfig/dataapi/dataapi_common.go:193.37,195.39 2 1
github.com/rdkcentral/xconfwebconfig/dataapi/dataapi_common.go:195.39,197.5 1 1
github.com/rdkcentral/xconfwebconfig/dataapi/dataapi_common.go:200.2,200.19 1 1
github.com/rdkcentral/xconfwebconfig/dataapi/dataapi_common.go:203.120,204.27 1 1
github.com/rdkcentral/xconfwebconfig/dataapi/dataapi_common.go:204.27,206.111 2 0
github.com/rdkcentral/xconfwebconfig/dataapi/dataapi_common.go:206.111,210.18 3 0
github.com/rdkcentral/xconfwebconfig/dataapi/dataapi_common.go:210.18,213.5 2 0
github.com/rdkcentral/xconfwebconfig/dataapi/dataapi_common.go:214.4,214.36 1 0
github.com/rdkcentral/xconfwebconfig/dataapi/dataapi_common.go:214.36,216.5 1 0
github.com/rdkcentral/xconfwebconfig/dataapi/dataapi_common.go:221.155,226.46 4 1
github.com/rdkcentral/xconfwebconfig/dataapi/dataapi_common.go:226.46,227.133 1 1
github.com/rdkcentral/xconfwebconfig/dataapi/dataapi_common.go:227.133,232.4 4 0
github.com/rdkcentral/xconfwebconfig/dataapi/dataapi_common.go:232.9,232.167 1 1
github.com/rdkcentral/xconfwebconfig/dataapi/dataapi_common.go:232.167,236.4 3 0
github.com/rdkcentral/xconfwebconfig/dataapi/dataapi_common.go:238.2,238.54 1 1
github.com/rdkcentral/xconfwebconfig/dataapi/dataapi_common.go:238.54,239.145 1 0
github.com/rdkcentral/xconfwebconfig/dataapi/dataapi_common.go:239.145,244.4 4 0
github.com/rdkcentral/xconfwebconfig/dataapi/dataapi_common.go:246.2,246.54 1 1
github.com/rdkcentral/xconfwebconfig/dataapi/dataapi_common.go:246.54,248.145 2 1
github.com/rdkcentral/xconfwebconfig/dataapi/dataapi_common.go:248.145,251.85 2 0
github.com/rdkcentral/xconfwebconfig/dataapi/dataapi_common.go:251.85,254.5 2 0
github.com/rdkcentral/xconfwebconfig/dataapi/dataapi_common.go:256.4,258.35 2 0
github.com/rdkcentral/xconfwebconfig/dataapi/dataapi_common.go:258.35,260.34 2 0
github.com/rdkcentral/xconfwebconfig/dataapi/dataapi_common.go:260.34,261.81 1 0
github.com/rdkcentral/xconfwebconfig/dataapi/dataapi_common.go:261.81,262.24 1 0
github.com/rdkcentral/xconfwebconfig/dataapi/dataapi_common.go:262.24,265.8 2 0
github.com/rdkcentral/xconfwebconfig/dataapi/dataapi_common.go:268.5,268.130 1 0
github.com/rdkcentral/xconfwebconfig/dataapi/dataapi_common.go:270.10,273.5 2 0
github.com/rdkcentral/xconfwebconfig/dataapi/dataapi_common.go:276.2,276.13 1 1
github.com/rdkcentral/xconfwebconfig/dataapi/dataapi_common.go:279.193,281.16 2 0
github.com/rdkcentral/xconfwebconfig/dataapi/dataapi_common.go:281.16,284.3 2 0
github.com/rdkcentral/xconfwebconfig/dataapi/dataapi_common.go:285.2,286.38 2 0
github.com/rdkcentral/xconfwebconfig/dataapi/dataapi_common.go:286.38,287.64 1 0
github.com/rdkcentral/xconfwebconfig/dataapi/dataapi_common.go:287.64,288.21 1 0
github.com/rdkcentral/xconfwebconfig/dataapi/dataapi_common.go:288.21,291.5 2 0
github.com/rdkcentral/xconfwebconfig/dataapi/dataapi_common.go:292.4,292.12 1 0
github.com/rdkcentral/xconfwebconfig/dataapi/dataapi_common.go:294.3,294.36 1 0
github.com/rdkcentral/xconfwebconfig/dataapi/dataapi_common.go:294.36,298.4 3 0
github.com/rdkcentral/xconfwebconfig/dataapi/dataapi_common.go:300.2,300.13 1 0
github.com/rdkcentral/xconfwebconfig/dataapi/dataapi_test_utils.go:43.29,45.2 1 1
github.com/rdkcentral/xconfwebconfig/dataapi/dataapi_test_utils.go:47.87,51.2 3 1
github.com/rdkcentral/xconfwebconfig/dataapi/dataapi_test_utils.go:53.83,54.59 1 1
github.com/rdkcentral/xconfwebconfig/dataapi/dataapi_test_utils.go:54.59,55.13 1 1
github.com/rdkcentral/xconfwebconfig/dataapi/dataapi_test_utils.go:58.2,78.16 19 1
github.com/rdkcentral/xconfwebconfig/dataapi/dataapi_test_utils.go:78.16,79.13 1 0
github.com/rdkcentral/xconfwebconfig/dataapi/dataapi_test_utils.go:81.2,86.23 5 1
github.com/rdkcentral/xconfwebconfig/dataapi/dataapi_test_utils.go:89.69,92.2 2 0
github.com/rdkcentral/xconfwebconfig/dataapi/dataapi_test_utils.go:94.87,101.2 6 0
github.com/rdkcentral/xconfwebconfig/dataapi/dataapi_test_utils.go:103.54,107.2 3 0
github.com/rdkcentral/xconfwebconfig/dataapi/dataapi_test_utils.go:109.146,112.65 2 1
github.com/rdkcentral/xconfwebconfig/dataapi/dataapi_test_utils.go:112.65,113.44 1 1
github.com/rdkcentral/xconfwebconfig/dataapi/dataapi_test_utils.go:113.44,116.5 2 1
github.com/rdkcentral/xconfwebconfig/dataapi/dataapi_test_utils.go:116.10,119.5 1 0
github.com/rdkcentral/xconfwebconfig/dataapi/dataapi_test_utils.go:121.2,124.31 4 1
github.com/rdkcentral/xconfwebconfig/dataapi/dataapi_test_utils.go:127.103,129.65 1 1
github.com/rdkcentral/xconfwebconfig/dataapi/dataapi_test_utils.go:129.65,132.4 2 1
github.com/rdkcentral/xconfwebconfig/dataapi/dataapi_test_utils.go:133.2,136.31 4 1
github.com/rdkcentral/xconfwebconfig/dataapi/dataapi_test_utils.go:139.100,142.65 2 1
github.com/rdkcentral/xconfwebconfig/dataapi/dataapi_test_utils.go:142.65,145.4 2 1
github.com/rdkcentral/xconfwebconfig/dataapi/dataapi_test_utils.go:146.2,149.29 4 1
github.com/rdkcentral/xconfwebconfig/dataapi/dataapi_test_utils.go:152.103,154.65 1 1
github.com/rdkcentral/xconfwebconfig/dataapi/dataapi_test_utils.go:154.65,156.4 1 1
github.com/rdkcentral/xconfwebconfig/dataapi/dataapi_test_utils.go:157.2,160.29 4 1
github.com/rdkcentral/xconfwebconfig/dataapi/dataapi_test_utils.go:163.116,166.65 2 1
github.com/rdkcentral/xconfwebconfig/dataapi/dataapi_test_utils.go:166.65,167.44 1 1
github.com/rdkcentral/xconfwebconfig/dataapi/dataapi_test_utils.go:167.44,170.5 2 1
github.com/rdkcentral/xconfwebconfig/dataapi/dataapi_test_utils.go:170.10,173.5 1 0
github.com/rdkcentral/xconfwebconfig/dataapi/dataapi_test_utils.go:175.2,178.32 4 1
github.com/rdkcentral/xconfwebconfig/dataapi/dataapi_test_utils.go:181.140,183.65 1 1
github.com/rdkcentral/xconfwebconfig/dataapi/dataapi_test_utils.go:183.65,184.44 1 1
github.com/rdkcentral/xconfwebconfig/dataapi/dataapi_test_utils.go:184.44,187.5 2 1
github.com/rdkcentral/xconfwebconfig/dataapi/dataapi_test_utils.go:187.10,190.5 1 0
github.com/rdkcentral/xconfwebconfig/dataapi/dataapi_test_utils.go:192.2,195.32 4 1
github.com/rdkcentral/xconfwebconfig/dataapi/dataapi_test_utils.go:198.119,200.65 1 1
github.com/rdkcentral/xconfwebconfig/dataapi/dataapi_test_utils.go:200.65,201.44 1 1
github.com/rdkcentral/xconfwebconfig/dataapi/dataapi_test_utils.go:201.44,203.5 1 1
github.com/rdkcentral/xconfwebconfig/dataapi/dataapi_test_utils.go:203.10,206.5 1 0
github.com/rdkcentral/xconfwebconfig/dataapi/dataapi_test_utils.go:208.2,211.32 4 1
github.com/rdkcentral/xconfwebconfig/dataapi/dataapi_test_utils.go:214.117,217.65 2 1
github.com/rdkcentral/xconfwebconfig/dataapi/dataapi_test_utils.go:217.65,218.44 1 1
github.com/rdkcentral/xconfwebconfig/dataapi/dataapi_test_utils.go:218.44,221.5 2 1
github.com/rdkcentral/xconfwebconfig/dataapi/dataapi_test_utils.go:221.10,224.5 1 0
github.com/rdkcentral/xconfwebconfig/dataapi/dataapi_test_utils.go:226.2,229.33 4 1
github.com/rdkcentral/xconfwebconfig/dataapi/dataapi_test_utils.go:232.141,234.65 1 1
github.com/rdkcentral/xconfwebconfig/dataapi/dataapi_test_utils.go:234.65,235.44 1 0
github.com/rdkcentral/xconfwebconfig/dataapi/dataapi_test_utils.go:235.44,238.5 2 0
github.com/rdkcentral/xconfwebconfig/dataapi/dataapi_test_utils.go:238.10,241.5 1 0
github.com/rdkcentral/xconfwebconfig/dataapi/dataapi_test_utils.go:243.2,246.33 4 1
github.com/rdkcentral/xconfwebconfig/dataapi/dataapi_test_utils.go:249.181,251.65 1 1
github.com/rdkcentral/xconfwebconfig/dataapi/dataapi_test_utils.go:251.65,252.44 1 1
github.com/rdkcentral/xconfwebconfig/dataapi/dataapi_test_utils.go:252.44,255.5 2 1
github.com/rdkcentral/xconfwebconfig/dataapi/dataapi_test_utils.go:255.10,255.52 1 1
github.com/rdkcentral/xconfwebconfig/dataapi/dataapi_test_utils.go:255.52,258.5 2 1
github.com/rdkcentral/xconfwebconfig/dataapi/dataapi_test_utils.go:258.10,261.5 1 0
github.com/rdkcentral/xconfwebconfig/dataapi/dataapi_test_utils.go:263.2,266.33 4 1
github.com/rdkcentral/xconfwebconfig/dataapi/dataapi_test_utils.go:269.120,272.65 2 1
github.com/rdkcentral/xconfwebconfig/dataapi/dataapi_test_utils.go:272.65,273.44 1 1
github.com/rdkcentral/xconfwebconfig/dataapi/dataapi_test_utils.go:273.44,276.5 2 1
github.com/rdkcentral/xconfwebconfig/dataapi/dataapi_test_utils.go:276.10,279.5 1 0
github.com/rdkcentral/xconfwebconfig/dataapi/dataapi_test_utils.go:281.2,284.33 4 1
github.com/rdkcentral/xconfwebconfig/dataapi/dataapi_test_utils.go:287.120,289.65 1 1
github.com/rdkcentral/xconfwebconfig/dataapi/dataapi_test_utils.go:289.65,290.44 1 1
github.com/rdkcentral/xconfwebconfig/dataapi/dataapi_test_utils.go:290.44,292.5 1 1
github.com/rdkcentral/xconfwebconfig/dataapi/dataapi_test_utils.go:292.10,295.5 1 0
github.com/rdkcentral/xconfwebconfig/dataapi/dataapi_test_utils.go:297.2,300.33 4 1
github.com/rdkcentral/xconfwebconfig/dataapi/dataapi_test_utils.go:303.110,306.65 2 1
github.com/rdkcentral/xconfwebconfig/dataapi/dataapi_test_utils.go:306.65,307.44 1 1
github.com/rdkcentral/xconfwebconfig/dataapi/dataapi_test_utils.go:307.44,310.5 2 1
github.com/rdkcentral/xconfwebconfig/dataapi/dataapi_test_utils.go:310.10,313.5 1 0
github.com/rdkcentral/xconfwebconfig/dataapi/dataapi_test_utils.go:315.2,318.26 4 1
github.com/rdkcentral/xconfwebconfig/dataapi/dataapi_test_utils.go:321.134,324.65 2 1
github.com/rdkcentral/xconfwebconfig/dataapi/dataapi_test_utils.go:324.65,325.44 1 0
github.com/rdkcentral/xconfwebconfig/dataapi/dataapi_test_utils.go:325.44,328.5 2 0
github.com/rdkcentral/xconfwebconfig/dataapi/dataapi_test_utils.go:328.10,331.5 1 0
github.com/rdkcentral/xconfwebconfig/dataapi/dataapi_test_utils.go:334.2,337.26 4 1
github.com/rdkcentral/xconfwebconfig/dataapi/dataapi_test_utils.go:340.113,343.65 2 1
github.com/rdkcentral/xconfwebconfig/dataapi/dataapi_test_utils.go:343.65,344.44 1 1
github.com/rdkcentral/xconfwebconfig/dataapi/dataapi_test_utils.go:344.44,347.5 2 1
github.com/rdkcentral/xconfwebconfig/dataapi/dataapi_test_utils.go:347.10,350.5 1 0
github.com/rdkcentral/xconfwebconfig/dataapi/dataapi_test_utils.go:352.2,355.26 4 1
github.com/rdkcentral/xconfwebconfig/dataapi/dataapi_test_utils.go:358.111,360.65 1 1
github.com/rdkcentral/xconfwebconfig/dataapi/dataapi_test_utils.go:360.65,361.44 1 1
github.com/rdkcentral/xconfwebconfig/dataapi/dataapi_test_utils.go:361.44,364.5 2 1
github.com/rdkcentral/xconfwebconfig/dataapi/dataapi_test_utils.go:364.10,367.5 1 0
github.com/rdkcentral/xconfwebconfig/dataapi/dataapi_test_utils.go:369.2,372.26 4 1
github.com/rdkcentral/xconfwebconfig/dataapi/dataapi_test_utils.go:375.111,377.65 1 1
github.com/rdkcentral/xconfwebconfig/dataapi/dataapi_test_utils.go:377.65,378.44 1 1
github.com/rdkcentral/xconfwebconfig/dataapi/dataapi_test_utils.go:378.44,381.5 2 1
github.com/rdkcentral/xconfwebconfig/dataapi/dataapi_test_utils.go:381.10,384.5 1 0
github.com/rdkcentral/xconfwebconfig/dataapi/dataapi_test_utils.go:386.2,389.26 4 1
github.com/rdkcentral/xconfwebconfig/dataapi/dataapi_test_utils.go:392.152,395.65 2 1
github.com/rdkcentral/xconfwebconfig/dataapi/dataapi_test_utils.go:395.65,396.44 1 1
github.com/rdkcentral/xconfwebconfig/dataapi/dataapi_test_utils.go:396.44,399.5 2 1
github.com/rdkcentral/xconfwebconfig/dataapi/dataapi_test_utils.go:399.10,402.5 1 0
github.com/rdkcentral/xconfwebconfig/dataapi/dataapi_test_utils.go:404.2,407.31 4 1
github.com/rdkcentral/xconfwebconfig/dataapi/dataapi_test_utils.go:410.267,415.65 4 1
github.com/rdkcentral/xconfwebconfig/dataapi/dataapi_test_utils.go:415.65,416.45 1 1
github.com/rdkcentral/xconfwebconfig/dataapi/dataapi_test_utils.go:416.45,419.5 2 1
github.com/rdkcentral/xconfwebconfig/dataapi/dataapi_test_utils.go:419.10,419.52 1 1
github.com/rdkcentral/xconfwebconfig/dataapi/dataapi_test_utils.go:419.52,422.5 2 1
github.com/rdkcentral/xconfwebconfig/dataapi/dataapi_test_utils.go:422.10,422.52 1 1
github.com/rdkcentral/xconfwebconfig/dataapi/dataapi_test_utils.go:422.52,425.5 2 1
github.com/rdkcentral/xconfwebconfig/dataapi/dataapi_test_utils.go:425.10,428.5 1 0
github.com/rdkcentral/xconfwebconfig/dataapi/dataapi_test_utils.go:430.2,433.31 4 1
github.com/rdkcentral/xconfwebconfig/dataapi/dataapi_test_utils.go:436.143,439.65 2 1
github.com/rdkcentral/xconfwebconfig/dataapi/dataapi_test_utils.go:439.65,442.4 2 1
github.com/rdkcentral/xconfwebconfig/dataapi/dataapi_test_utils.go:443.2,446.31 4 1
github.com/rdkcentral/xconfwebconfig/dataapi/estb_firmware_context.go:77.74,80.26 3 1
github.com/rdkcentral/xconfwebconfig/dataapi/estb_firmware_context.go:80.26,81.33 1 1
github.com/rdkcentral/xconfwebconfig/dataapi/estb_firmware_context.go:81.33,82.23 1 1
github.com/rdkcentral/xconfwebconfig/dataapi/estb_firmware_context.go:82.23,84.5 1 1
github.com/rdkcentral/xconfwebconfig/dataapi/estb_firmware_context.go:87.2,87.15 1 1
github.com/rdkcentral/xconfwebconfig/dataapi/estb_firmware_context.go:87.15,90.3 2 1
github.com/rdkcentral/xconfwebconfig/dataapi/estb_firmware_context.go:91.2,91.34 1 1
github.com/rdkcentral/xconfwebconfig/dataapi/estb_firmware_context.go:91.34,94.3 2 1
github.com/rdkcentral/xconfwebconfig/dataapi/estb_firmware_context.go:95.2,95.28 1 1
github.com/rdkcentral/xconfwebconfig/dataapi/estb_firmware_context.go:98.82,99.47 1 1
github.com/rdkcentral/xconfwebconfig/dataapi/estb_firmware_context.go:99.47,101.27 2 1
github.com/rdkcentral/xconfwebconfig/dataapi/estb_firmware_context.go:101.27,104.92 3 1
github.com/rdkcentral/xconfwebconfig/dataapi/estb_firmware_context.go:104.92,106.18 2 1
github.com/rdkcentral/xconfwebconfig/dataapi/estb_firmware_context.go:106.18,108.6 1 1
github.com/rdkcentral/xconfwebconfig/dataapi/estb_firmware_context.go:109.5,109.69 1 1
github.com/rdkcentral/xconfwebconfig/dataapi/estb_firmware_context.go:113.2,113.74 1 1
github.com/rdkcentral/xconfwebconfig/dataapi/estb_firmware_context.go:116.166,118.35 2 1
github.com/rdkcentral/xconfwebconfig/dataapi/estb_firmware_context.go:118.35,120.3 1 1
github.com/rdkcentral/xconfwebconfig/dataapi/estb_firmware_context.go:121.2,122.71 2 1
github.com/rdkcentral/xconfwebconfig/dataapi/estb_firmware_context.go:122.71,124.3 1 1
github.com/rdkcentral/xconfwebconfig/dataapi/estb_firmware_context.go:125.2,125.17 1 1
github.com/rdkcentral/xconfwebconfig/dataapi/estb_firmware_context.go:125.17,129.3 3 1
github.com/rdkcentral/xconfwebconfig/dataapi/estb_firmware_context.go:131.2,131.76 1 1
github.com/rdkcentral/xconfwebconfig/dataapi/estb_firmware_context.go:131.76,132.95 1 1
github.com/rdkcentral/xconfwebconfig/dataapi/estb_firmware_context.go:132.95,134.4 1 0
github.com/rdkcentral/xconfwebconfig/dataapi/estb_firmware_context.go:138.107,140.37 2 1
github.com/rdkcentral/xconfwebconfig/dataapi/estb_firmware_context.go:140.37,142.3 1 1
github.com/rdkcentral/xconfwebconfig/dataapi/estb_firmware_context.go:143.2,144.41 2 1
github.com/rdkcentral/xconfwebconfig/dataapi/estb_firmware_context.go:144.41,146.3 1 1
github.com/rdkcentral/xconfwebconfig/dataapi/estb_firmware_context.go:146.8,147.73 1 1
github.com/rdkcentral/xconfwebconfig/dataapi/estb_firmware_context.go:147.73,149.4 1 1
github.com/rdkcentral/xconfwebconfig/dataapi/estb_firmware_context.go:149.9,149.52 1 1
github.com/rdkcentral/xconfwebconfig/dataapi/estb_firmware_context.go:149.52,151.4 1 1
github.com/rdkcentral/xconfwebconfig/dataapi/estb_firmware_context.go:151.9,153.48 2 1
github.com/rdkcentral/xconfwebconfig/dataapi/estb_firmware_context.go:153.48,156.26 3 0
github.com/rdkcentral/xconfwebconfig/dataapi/estb_firmware_context.go:157.33,159.31 2 0
github.com/rdkcentral/xconfwebconfig/dataapi/estb_firmware_context.go:160.32,162.222 1 0
github.com/rdkcentral/xconfwebconfig/dataapi/estb_firmware_context.go:163.45,163.45 0 0
github.com/rdkcentral/xconfwebconfig/dataapi/estb_firmware_context.go:164.30,165.105 1 0
github.com/rdkcentral/xconfwebconfig/dataapi/estb_firmware_context.go:166.14,167.154 1 0
github.com/rdkcentral/xconfwebconfig/dataapi/estb_firmware_context.go:169.36,171.191 2 0
github.com/rdkcentral/xconfwebconfig/dataapi/estb_firmware_context.go:172.55,173.210 1 0
github.com/rdkcentral/xconfwebconfig/dataapi/estb_firmware_context.go:174.30,175.69 1 0
github.com/rdkcentral/xconfwebconfig/dataapi/estb_firmware_context.go:176.32,178.342 2 0
github.com/rdkcentral/xconfwebconfig/dataapi/estb_firmware_context.go:179.13,180.23 1 0
github.com/rdkcentral/xconfwebconfig/dataapi/estb_firmware_context.go:182.5,182.84 1 0
github.com/rdkcentral/xconfwebconfig/dataapi/estb_firmware_context.go:186.2,186.29 1 1
github.com/rdkcentral/xconfwebconfig/dataapi/estb_firmware_context.go:189.87,190.46 1 1
github.com/rdkcentral/xconfwebconfig/dataapi/estb_firmware_context.go:190.46,192.3 1 1
github.com/rdkcentral/xconfwebconfig/dataapi/estb_firmware_context.go:193.2,194.36 2 1
github.com/rdkcentral/xconfwebconfig/dataapi/estb_firmware_context.go:194.36,196.38 2 1
github.com/rdkcentral/xconfwebconfig/dataapi/estb_firmware_context.go:196.38,199.23 2 1
github.com/rdkcentral/xconfwebconfig/dataapi/estb_firmware_context.go:199.23,201.5 1 0
github.com/rdkcentral/xconfwebconfig/dataapi/estb_firmware_context.go:201.10,202.84 1 1
github.com/rdkcentral/xconfwebconfig/dataapi/estb_firmware_context.go:202.84,205.30 3 1
github.com/rdkcentral/xconfwebconfig/dataapi/estb_firmware_context.go:205.30,207.7 1 1
github.com/rdkcentral/xconfwebconfig/dataapi/estb_firmware_context.go:212.2,212.14 1 1
github.com/rdkcentral/xconfwebconfig/dataapi/estb_firmware_context.go:216.168,218.20 2 1
github.com/rdkcentral/xconfwebconfig/dataapi/estb_firmware_context.go:218.20,220.3 1 1
github.com/rdkcentral/xconfwebconfig/dataapi/estb_firmware_context.go:220.8,222.3 1 0
github.com/rdkcentral/xconfwebconfig/dataapi/estb_firmware_context.go:223.2,228.16 5 1
github.com/rdkcentral/xconfwebconfig/dataapi/estb_firmware_context.go:228.16,231.3 2 0
github.com/rdkcentral/xconfwebconfig/dataapi/estb_firmware_context.go:232.2,234.56 2 1
github.com/rdkcentral/xconfwebconfig/dataapi/estb_firmware_context.go:234.56,236.22 2 0
github.com/rdkcentral/xconfwebconfig/dataapi/estb_firmware_context.go:236.22,238.4 1 0
github.com/rdkcentral/xconfwebconfig/dataapi/estb_firmware_context.go:240.2,243.12 4 1
github.com/rdkcentral/xconfwebconfig/dataapi/estb_firmware_context.go:246.114,248.31 2 1
github.com/rdkcentral/xconfwebconfig/dataapi/estb_firmware_context.go:248.31,250.10 2 1
github.com/rdkcentral/xconfwebconfig/dataapi/estb_firmware_context.go:250.10,252.4 1 1
github.com/rdkcentral/xconfwebconfig/dataapi/estb_firmware_context.go:252.9,252.23 1 1
github.com/rdkcentral/xconfwebconfig/dataapi/estb_firmware_context.go:252.23,254.4 1 1
github.com/rdkcentral/xconfwebconfig/dataapi/estb_firmware_context.go:258.66,259.26 1 1
github.com/rdkcentral/xconfwebconfig/dataapi/estb_firmware_context.go:259.26,262.3 2 1
github.com/rdkcentral/xconfwebconfig/dataapi/estb_firmware_context.go:265.179,267.12 2 1
github.com/rdkcentral/xconfwebconfig/dataapi/estb_firmware_context.go:267.12,269.48 2 1
github.com/rdkcentral/xconfwebconfig/dataapi/estb_firmware_context.go:269.48,273.18 4 1
github.com/rdkcentral/xconfwebconfig/dataapi/estb_firmware_context.go:273.18,275.5 1 0
github.com/rdkcentral/xconfwebconfig/dataapi/estb_firmware_context.go:276.4,276.227 1 1
github.com/rdkcentral/xconfwebconfig/dataapi/estb_firmware_context.go:276.227,280.19 4 0
github.com/rdkcentral/xconfwebconfig/dataapi/estb_firmware_context.go:280.19,282.6 1 0
github.com/rdkcentral/xconfwebconfig/dataapi/estb_firmware_context.go:284.9,286.4 1 0
github.com/rdkcentral/xconfwebconfig/dataapi/estb_firmware_context.go:287.3,287.88 1 1
github.com/rdkcentral/xconfwebconfig/dataapi/estb_firmware_context.go:287.88,293.46 6 0
github.com/rdkcentral/xconfwebconfig/dataapi/estb_firmware_context.go:293.46,296.96 3 0
github.com/rdkcentral/xconfwebconfig/dataapi/estb_firmware_context.go:296.96,297.50 1 0
github.com/rdkcentral/xconfwebconfig/dataapi/estb_firmware_context.go:297.50,299.7 1 0
github.com/rdkcentral/xconfwebconfig/dataapi/estb_firmware_context.go:302.4,303.43 2 0
github.com/rdkcentral/xconfwebconfig/dataapi/estb_firmware_context.go:303.43,305.5 1 0
github.com/rdkcentral/xconfwebconfig/dataapi/estb_firmware_context.go:307.4,322.18 3 0
github.com/rdkcentral/xconfwebconfig/dataapi/estb_firmware_context.go:322.18,324.5 1 0
github.com/rdkcentral/xconfwebconfig/dataapi/estb_firmware_context.go:330.37,332.2 1 1
github.com/rdkcentral/xconfwebconfig/dataapi/estb_firmware_context.go:334.44,336.2 1 1
github.com/rdkcentral/xconfwebconfig/dataapi/estb_firmware_context.go:338.116,348.37 9 1
github.com/rdkcentral/xconfwebconfig/dataapi/estb_firmware_context.go:348.37,349.25 1 1
github.com/rdkcentral/xconfwebconfig/dataapi/estb_firmware_context.go:349.25,351.4 1 1
github.com/rdkcentral/xconfwebconfig/dataapi/estb_firmware_context.go:354.2,354.49 1 1
github.com/rdkcentral/xconfwebconfig/dataapi/estb_firmware_context.go:354.49,356.3 1 0
github.com/rdkcentral/xconfwebconfig/dataapi/estb_firmware_context.go:356.8,356.58 1 1
github.com/rdkcentral/xconfwebconfig/dataapi/estb_firmware_context.go:356.58,358.3 1 0
github.com/rdkcentral/xconfwebconfig/dataapi/estb_firmware_context.go:360.2,360.29 1 1
github.com/rdkcentral/xconfwebconfig/dataapi/estb_firmware_context.go:360.29,361.42 1 1
github.com/rdkcentral/xconfwebconfig/dataapi/estb_firmware_context.go:361.42,364.4 2 1
github.com/rdkcentral/xconfwebconfig/dataapi/estb_firmware_context.go:365.3,366.45 2 1
github.com/rdkcentral/xconfwebconfig/dataapi/estb_firmware_context.go:366.45,373.71 6 1
github.com/rdkcentral/xconfwebconfig/dataapi/estb_firmware_context.go:373.71,374.34 1 1
github.com/rdkcentral/xconfwebconfig/dataapi/estb_firmware_context.go:374.34,376.6 1 0
github.com/rdkcentral/xconfwebconfig/dataapi/estb_firmware_context.go:379.5,379.47 1 1
github.com/rdkcentral/xconfwebconfig/dataapi/estb_firmware_context.go:379.47,381.6 1 0
github.com/rdkcentral/xconfwebconfig/dataapi/estb_firmware_context.go:383.9,383.38 1 1
github.com/rdkcentral/xconfwebconfig/dataapi/estb_firmware_context.go:383.38,386.4 2 1
github.com/rdkcentral/xconfwebconfig/dataapi/estb_firmware_context.go:386.9,389.4 2 1
github.com/rdkcentral/xconfwebconfig/dataapi/estb_firmware_context.go:392.3,393.105 2 1
github.com/rdkcentral/xconfwebconfig/dataapi/estb_firmware_context.go:393.105,395.4 1 1
github.com/rdkcentral/xconfwebconfig/dataapi/estb_firmware_context.go:395.9,395.114 1 1
github.com/rdkcentral/xconfwebconfig/dataapi/estb_firmware_context.go:395.114,397.4 1 1
github.com/rdkcentral/xconfwebconfig/dataapi/estb_firmware_context.go:397.9,399.4 1 0
github.com/rdkcentral/xconfwebconfig/dataapi/estb_firmware_context.go:401.3,401.63 1 1
github.com/rdkcentral/xconfwebconfig/dataapi/estb_firmware_context.go:401.63,403.4 1 0
github.com/rdkcentral/xconfwebconfig/dataapi/estb_firmware_context.go:405.3,406.89 2 1
github.com/rdkcentral/xconfwebconfig/dataapi/estb_firmware_context.go:406.89,407.59 1 0
github.com/rdkcentral/xconfwebconfig/dataapi/estb_firmware_context.go:407.59,409.31 2 0
github.com/rdkcentral/xconfwebconfig/dataapi/estb_firmware_context.go:410.33,414.7 1 0
github.com/rdkcentral/xconfwebconfig/dataapi/estb_firmware_context.go:415.37,420.7 1 0
github.com/rdkcentral/xconfwebconfig/dataapi/estb_firmware_context.go:421.56,424.7 1 0
github.com/rdkcentral/xconfwebconfig/dataapi/estb_firmware_context.go:425.31,428.7 1 0
github.com/rdkcentral/xconfwebconfig/dataapi/estb_firmware_context.go:429.33,433.7 1 0
github.com/rdkcentral/xconfwebconfig/dataapi/estb_firmware_context.go:435.5,435.47 1 0
github.com/rdkcentral/xconfwebconfig/dataapi/estb_firmware_context.go:437.4,437.45 1 0
github.com/rdkcentral/xconfwebconfig/dataapi/estb_firmware_context.go:440.2,441.47 2 1
github.com/rdkcentral/xconfwebconfig/dataapi/estb_firmware_context.go:444.65,446.27 2 1
github.com/rdkcentral/xconfwebconfig/dataapi/estb_firmware_context.go:446.27,447.28 1 1
github.com/rdkcentral/xconfwebconfig/dataapi/estb_firmware_context.go:447.28,449.4 1 1
github.com/rdkcentral/xconfwebconfig/dataapi/estb_firmware_handler.go:36.75,38.9 2 1
github.com/rdkcentral/xconfwebconfig/dataapi/estb_firmware_handler.go:38.9,41.3 2 1
github.com/rdkcentral/xconfwebconfig/dataapi/estb_firmware_handler.go:42.2,45.64 4 1
github.com/rdkcentral/xconfwebconfig/dataapi/estb_firmware_handler.go:45.64,48.3 2 1
github.com/rdkcentral/xconfwebconfig/dataapi/estb_firmware_handler.go:49.2,49.25 1 1
github.com/rdkcentral/xconfwebconfig/dataapi/estb_firmware_handler.go:49.25,50.27 1 1
github.com/rdkcentral/xconfwebconfig/dataapi/estb_firmware_handler.go:50.27,53.18 3 1
github.com/rdkcentral/xconfwebconfig/dataapi/estb_firmware_handler.go:53.18,55.5 1 1
github.com/rdkcentral/xconfwebconfig/dataapi/estb_firmware_handler.go:56.4,56.65 1 1
github.com/rdkcentral/xconfwebconfig/dataapi/estb_firmware_handler.go:59.2,59.25 1 1
github.com/rdkcentral/xconfwebconfig/dataapi/estb_firmware_handler.go:59.25,62.3 2 1
github.com/rdkcentral/xconfwebconfig/dataapi/estb_firmware_handler.go:63.2,64.15 2 1
github.com/rdkcentral/xconfwebconfig/dataapi/estb_firmware_handler.go:64.15,67.3 2 1
github.com/rdkcentral/xconfwebconfig/dataapi/estb_firmware_handler.go:68.2,70.29 3 1
github.com/rdkcentral/xconfwebconfig/dataapi/estb_firmware_handler.go:70.29,73.3 2 1
github.com/rdkcentral/xconfwebconfig/dataapi/estb_firmware_handler.go:74.2,75.44 2 0
github.com/rdkcentral/xconfwebconfig/dataapi/estb_firmware_handler.go:79.72,83.8 3 1
github.com/rdkcentral/xconfwebconfig/dataapi/estb_firmware_handler.go:83.8,85.3 1 1
github.com/rdkcentral/xconfwebconfig/dataapi/estb_firmware_handler.go:85.8,88.3 2 1
github.com/rdkcentral/xconfwebconfig/dataapi/estb_firmware_handler.go:89.2,90.19 2 1
github.com/rdkcentral/xconfwebconfig/dataapi/estb_firmware_handler.go:90.19,94.3 3 0
github.com/rdkcentral/xconfwebconfig/dataapi/estb_firmware_handler.go:94.8,96.3 1 1
github.com/rdkcentral/xconfwebconfig/dataapi/estb_firmware_handler.go:99.177,105.26 4 1
github.com/rdkcentral/xconfwebconfig/dataapi/estb_firmware_handler.go:105.26,106.33 1 1
github.com/rdkcentral/xconfwebconfig/dataapi/estb_firmware_handler.go:106.33,107.159 1 1
github.com/rdkcentral/xconfwebconfig/dataapi/estb_firmware_handler.go:107.159,109.5 1 1
github.com/rdkcentral/xconfwebconfig/dataapi/estb_firmware_handler.go:112.2,112.26 1 1
github.com/rdkcentral/xconfwebconfig/dataapi/estb_firmware_handler.go:112.26,115.17 2 1
github.com/rdkcentral/xconfwebconfig/dataapi/estb_firmware_handler.go:115.17,117.4 1 1
github.com/rdkcentral/xconfwebconfig/dataapi/estb_firmware_handler.go:119.2,126.39 8 1
github.com/rdkcentral/xconfwebconfig/dataapi/estb_firmware_handler.go:126.39,128.3 1 1
github.com/rdkcentral/xconfwebconfig/dataapi/estb_firmware_handler.go:129.2,129.57 1 1
github.com/rdkcentral/xconfwebconfig/dataapi/estb_firmware_handler.go:129.57,131.3 1 1
github.com/rdkcentral/xconfwebconfig/dataapi/estb_firmware_handler.go:132.2,133.19 2 1
github.com/rdkcentral/xconfwebconfig/dataapi/estb_firmware_handler.go:133.19,135.3 1 1
github.com/rdkcentral/xconfwebconfig/dataapi/estb_firmware_handler.go:137.2,144.152 8 1
github.com/rdkcentral/xconfwebconfig/dataapi/estb_firmware_handler.go:144.152,145.30 1 1
github.com/rdkcentral/xconfwebconfig/dataapi/estb_firmware_handler.go:145.30,147.4 1 1
github.com/rdkcentral/xconfwebconfig/dataapi/estb_firmware_handler.go:148.3,148.115 1 1
github.com/rdkcentral/xconfwebconfig/dataapi/estb_firmware_handler.go:152.2,152.131 1 0
github.com/rdkcentral/xconfwebconfig/dataapi/estb_firmware_handler.go:152.131,161.51 2 0
github.com/rdkcentral/xconfwebconfig/dataapi/estb_firmware_handler.go:161.51,163.4 1 0
github.com/rdkcentral/xconfwebconfig/dataapi/estb_firmware_handler.go:164.3,164.46 1 0
github.com/rdkcentral/xconfwebconfig/dataapi/estb_firmware_handler.go:164.46,166.4 1 0
github.com/rdkcentral/xconfwebconfig/dataapi/estb_firmware_handler.go:168.3,169.73 2 0
github.com/rdkcentral/xconfwebconfig/dataapi/estb_firmware_handler.go:171.2,171.29 1 0
github.com/rdkcentral/xconfwebconfig/dataapi/estb_firmware_handler.go:171.29,173.3 1 0
github.com/rdkcentral/xconfwebconfig/dataapi/estb_firmware_handler.go:174.2,174.79 1 0
github.com/rdkcentral/xconfwebconfig/dataapi/estb_firmware_handler.go:177.73,181.8 3 1
github.com/rdkcentral/xconfwebconfig/dataapi/estb_firmware_handler.go:181.8,183.3 1 1
github.com/rdkcentral/xconfwebconfig/dataapi/estb_firmware_handler.go:183.8,186.3 2 1
github.com/rdkcentral/xconfwebconfig/dataapi/estb_firmware_handler.go:188.2,190.26 3 1
github.com/rdkcentral/xconfwebconfig/dataapi/estb_firmware_handler.go:190.26,191.33 1 1
github.com/rdkcentral/xconfwebconfig/dataapi/estb_firmware_handler.go:191.33,193.4 1 1
github.com/rdkcentral/xconfwebconfig/dataapi/estb_firmware_handler.go:195.2,195.26 1 1
github.com/rdkcentral/xconfwebconfig/dataapi/estb_firmware_handler.go:195.26,198.17 2 1
github.com/rdkcentral/xconfwebconfig/dataapi/estb_firmware_handler.go:198.17,200.4 1 1
github.com/rdkcentral/xconfwebconfig/dataapi/estb_firmware_handler.go:202.2,206.28 5 1
github.com/rdkcentral/xconfwebconfig/dataapi/estb_firmware_handler.go:206.28,208.3 1 1
github.com/rdkcentral/xconfwebconfig/dataapi/estb_firmware_handler.go:208.8,208.33 1 1
github.com/rdkcentral/xconfwebconfig/dataapi/estb_firmware_handler.go:208.33,215.3 4 1
github.com/rdkcentral/xconfwebconfig/dataapi/estb_firmware_handler.go:215.8,224.3 6 1
github.com/rdkcentral/xconfwebconfig/dataapi/estb_firmware_handler.go:227.77,231.8 3 1
github.com/rdkcentral/xconfwebconfig/dataapi/estb_firmware_handler.go:231.8,233.3 1 1
github.com/rdkcentral/xconfwebconfig/dataapi/estb_firmware_handler.go:233.8,236.3 2 1
github.com/rdkcentral/xconfwebconfig/dataapi/estb_firmware_handler.go:238.2,240.26 3 1
github.com/rdkcentral/xconfwebconfig/dataapi/estb_firmware_handler.go:240.26,241.33 1 1
github.com/rdkcentral/xconfwebconfig/dataapi/estb_firmware_handler.go:241.33,244.53 2 1
github.com/rdkcentral/xconfwebconfig/dataapi/estb_firmware_handler.go:244.53,246.5 1 1
github.com/rdkcentral/xconfwebconfig/dataapi/estb_firmware_handler.go:249.2,249.26 1 1
github.com/rdkcentral/xconfwebconfig/dataapi/estb_firmware_handler.go:249.26,252.17 2 1
github.com/rdkcentral/xconfwebconfig/dataapi/estb_firmware_handler.go:252.17,254.4 1 1
github.com/rdkcentral/xconfwebconfig/dataapi/estb_firmware_handler.go:256.2,261.39 6 1
github.com/rdkcentral/xconfwebconfig/dataapi/estb_firmware_handler.go:261.39,263.3 1 1
github.com/rdkcentral/xconfwebconfig/dataapi/estb_firmware_handler.go:263.8,263.64 1 1
github.com/rdkcentral/xconfwebconfig/dataapi/estb_firmware_handler.go:263.64,265.3 1 1
github.com/rdkcentral/xconfwebconfig/dataapi/estb_firmware_handler.go:265.8,273.3 7 1
github.com/rdkcentral/xconfwebconfig/dataapi/estb_firmware_handler.go:276.65,278.14 2 1
github.com/rdkcentral/xconfwebconfig/dataapi/estb_firmware_handler.go:278.14,280.3 1 1
github.com/rdkcentral/xconfwebconfig/dataapi/estb_firmware_handler.go:280.8,283.27 3 1
github.com/rdkcentral/xconfwebconfig/dataapi/estb_firmware_handler.go:283.27,287.4 3 1
github.com/rdkcentral/xconfwebconfig/dataapi/estb_firmware_handler.go:287.9,290.4 2 0
github.com/rdkcentral/xconfwebconfig/dataapi/estb_firmware_handler.go:294.68,296.14 2 1
github.com/rdkcentral/xconfwebconfig/dataapi/estb_firmware_handler.go:296.14,298.3 1 1
github.com/rdkcentral/xconfwebconfig/dataapi/estb_firmware_handler.go:298.8,301.32 3 1
github.com/rdkcentral/xconfwebconfig/dataapi/estb_firmware_handler.go:301.32,302.41 1 0
github.com/rdkcentral/xconfwebconfig/dataapi/estb_firmware_handler.go:302.41,304.5 1 0
github.com/rdkcentral/xconfwebconfig/dataapi/estb_firmware_handler.go:305.9,307.4 1 1
github.com/rdkcentral/xconfwebconfig/dataapi/estb_firmware_handler.go:308.3,309.45 2 1
github.com/rdkcentral/xconfwebconfig/dataapi/estb_firmware_handler.go:313.70,316.36 3 1
github.com/rdkcentral/xconfwebconfig/dataapi/estb_firmware_handler.go:316.36,318.38 2 1
github.com/rdkcentral/xconfwebconfig/dataapi/estb_firmware_handler.go:318.38,319.12 1 1
github.com/rdkcentral/xconfwebconfig/dataapi/estb_firmware_handler.go:321.3,323.26 3 1
github.com/rdkcentral/xconfwebconfig/dataapi/estb_firmware_handler.go:323.26,325.4 1 1
github.com/rdkcentral/xconfwebconfig/dataapi/estb_firmware_handler.go:325.9,327.4 1 1
github.com/rdkcentral/xconfwebconfig/dataapi/estb_firmware_handler.go:329.2,329.16 1 1
github.com/rdkcentral/xconfwebconfig/dataapi/feature_control_context.go:86.92,97.2 1 1
github.com/rdkcentral/xconfwebconfig/dataapi/feature_control_context.go:99.68,100.22 1 1
github.com/rdkcentral/xconfwebconfig/dataapi/feature_control_context.go:100.22,102.3 1 1
github.com/rdkcentral/xconfwebconfig/dataapi/feature_control_context.go:103.2,104.16 2 1
github.com/rdkcentral/xconfwebconfig/dataapi/feature_control_context.go:104.16,106.3 1 0
github.com/rdkcentral/xconfwebconfig/dataapi/feature_control_context.go:107.2,107.50 1 1
github.com/rdkcentral/xconfwebconfig/dataapi/feature_control_context.go:110.102,114.16 4 1
github.com/rdkcentral/xconfwebconfig/dataapi/feature_control_context.go:114.16,116.3 1 0
github.com/rdkcentral/xconfwebconfig/dataapi/feature_control_context.go:117.2,117.40 1 1
github.com/rdkcentral/xconfwebconfig/dataapi/feature_control_context.go:120.147,124.20 4 0
github.com/rdkcentral/xconfwebconfig/dataapi/feature_control_context.go:124.20,126.3 1 0
github.com/rdkcentral/xconfwebconfig/dataapi/feature_control_context.go:126.8,128.3 1 0
github.com/rdkcentral/xconfwebconfig/dataapi/feature_control_context.go:130.2,132.133 2 0
github.com/rdkcentral/xconfwebconfig/dataapi/feature_control_context.go:132.133,134.17 2 0
github.com/rdkcentral/xconfwebconfig/dataapi/feature_control_context.go:134.17,137.4 2 0
github.com/rdkcentral/xconfwebconfig/dataapi/feature_control_context.go:139.3,144.68 2 0
github.com/rdkcentral/xconfwebconfig/dataapi/feature_control_context.go:144.68,147.4 2 0
github.com/rdkcentral/xconfwebconfig/dataapi/feature_control_context.go:148.3,152.84 2 0
github.com/rdkcentral/xconfwebconfig/dataapi/feature_control_context.go:152.84,154.4 1 0
github.com/rdkcentral/xconfwebconfig/dataapi/feature_control_context.go:155.3,156.17 2 0
github.com/rdkcentral/xconfwebconfig/dataapi/feature_control_context.go:156.17,159.4 2 0
github.com/rdkcentral/xconfwebconfig/dataapi/feature_control_context.go:161.3,163.79 2 0
github.com/rdkcentral/xconfwebconfig/dataapi/feature_control_context.go:163.79,166.4 2 0
github.com/rdkcentral/xconfwebconfig/dataapi/feature_control_context.go:167.3,168.211 2 0
github.com/rdkcentral/xconfwebconfig/dataapi/feature_control_context.go:169.8,169.134 1 0
github.com/rdkcentral/xconfwebconfig/dataapi/feature_control_context.go:169.134,171.17 2 0
github.com/rdkcentral/xconfwebconfig/dataapi/feature_control_context.go:171.17,174.4 2 0
github.com/rdkcentral/xconfwebconfig/dataapi/feature_control_context.go:175.3,176.17 2 0
github.com/rdkcentral/xconfwebconfig/dataapi/feature_control_context.go:176.17,179.4 2 0
github.com/rdkcentral/xconfwebconfig/dataapi/feature_control_context.go:180.3,181.17 2 0
github.com/rdkcentral/xconfwebconfig/dataapi/feature_control_context.go:181.17,184.4 2 0
github.com/rdkcentral/xconfwebconfig/dataapi/feature_control_context.go:186.3,191.68 2 0
github.com/rdkcentral/xconfwebconfig/dataapi/feature_control_context.go:191.68,194.4 2 0
github.com/rdkcentral/xconfwebconfig/dataapi/feature_control_context.go:195.3,199.84 2 0
github.com/rdkcentral/xconfwebconfig/dataapi/feature_control_context.go:199.84,201.4 1 0
github.com/rdkcentral/xconfwebconfig/dataapi/feature_control_context.go:202.3,203.17 2 0
github.com/rdkcentral/xconfwebconfig/dataapi/feature_control_context.go:203.17,206.4 2 0
github.com/rdkcentral/xconfwebconfig/dataapi/feature_control_context.go:208.3,210.79 2 0
github.com/rdkcentral/xconfwebconfig/dataapi/feature_control_context.go:210.79,213.4 2 0
github.com/rdkcentral/xconfwebconfig/dataapi/feature_control_context.go:214.3,214.88 1 0
github.com/rdkcentral/xconfwebconfig/dataapi/feature_control_context.go:215.8,215.133 1 0
github.com/rdkcentral/xconfwebconfig/dataapi/feature_control_context.go:215.133,217.17 2 0
github.com/rdkcentral/xconfwebconfig/dataapi/feature_control_context.go:217.17,220.4 2 0
github.com/rdkcentral/xconfwebconfig/dataapi/feature_control_context.go:221.3,221.161 1 0
github.com/rdkcentral/xconfwebconfig/dataapi/feature_control_context.go:221.161,223.4 1 0
github.com/rdkcentral/xconfwebconfig/dataapi/feature_control_context.go:224.3,224.51 1 0
github.com/rdkcentral/xconfwebconfig/dataapi/feature_control_context.go:224.51,230.4 1 0
github.com/rdkcentral/xconfwebconfig/dataapi/feature_control_context.go:232.2,232.20 1 0
github.com/rdkcentral/xconfwebconfig/dataapi/feature_control_context.go:235.160,239.20 3 0
github.com/rdkcentral/xconfwebconfig/dataapi/feature_control_context.go:239.20,241.3 1 0
github.com/rdkcentral/xconfwebconfig/dataapi/feature_control_context.go:241.8,243.3 1 0
github.com/rdkcentral/xconfwebconfig/dataapi/feature_control_context.go:244.2,244.29 1 0
github.com/rdkcentral/xconfwebconfig/dataapi/feature_control_context.go:244.29,247.66 3 0
github.com/rdkcentral/xconfwebconfig/dataapi/feature_control_context.go:247.66,249.18 2 0
github.com/rdkcentral/xconfwebconfig/dataapi/feature_control_context.go:249.18,254.5 1 0
github.com/rdkcentral/xconfwebconfig/dataapi/feature_control_context.go:256.3,256.206 1 0
github.com/rdkcentral/xconfwebconfig/dataapi/feature_control_context.go:256.206,262.4 2 0
github.com/rdkcentral/xconfwebconfig/dataapi/feature_control_context.go:263.3,263.37 1 0
github.com/rdkcentral/xconfwebconfig/dataapi/feature_control_context.go:263.37,265.4 1 0
github.com/rdkcentral/xconfwebconfig/dataapi/feature_control_context.go:267.3,267.17 1 0
github.com/rdkcentral/xconfwebconfig/dataapi/feature_control_context.go:267.17,269.4 1 0
github.com/rdkcentral/xconfwebconfig/dataapi/feature_control_context.go:269.9,270.53 1 0
github.com/rdkcentral/xconfwebconfig/dataapi/feature_control_context.go:270.53,272.5 1 0
github.com/rdkcentral/xconfwebconfig/dataapi/feature_control_context.go:273.4,273.117 1 0
github.com/rdkcentral/xconfwebconfig/dataapi/feature_control_context.go:273.117,275.5 1 0
github.com/rdkcentral/xconfwebconfig/dataapi/feature_control_context.go:276.4,276.119 1 0
github.com/rdkcentral/xconfwebconfig/dataapi/feature_control_context.go:276.119,278.5 1 0
github.com/rdkcentral/xconfwebconfig/dataapi/feature_control_context.go:281.3,281.30 1 0
github.com/rdkcentral/xconfwebconfig/dataapi/feature_control_context.go:281.30,283.98 1 0
github.com/rdkcentral/xconfwebconfig/dataapi/feature_control_context.go:283.98,284.142 1 0
github.com/rdkcentral/xconfwebconfig/dataapi/feature_control_context.go:284.142,287.20 3 0
github.com/rdkcentral/xconfwebconfig/dataapi/feature_control_context.go:287.20,289.7 1 0
github.com/rdkcentral/xconfwebconfig/dataapi/feature_control_context.go:289.12,291.72 1 0
github.com/rdkcentral/xconfwebconfig/dataapi/feature_control_context.go:291.72,293.8 1 0
github.com/rdkcentral/xconfwebconfig/dataapi/feature_control_context.go:293.13,295.8 1 0
github.com/rdkcentral/xconfwebconfig/dataapi/feature_control_context.go:301.2,301.11 1 0
github.com/rdkcentral/xconfwebconfig/dataapi/feature_control_context.go:304.126,309.55 4 0
github.com/rdkcentral/xconfwebconfig/dataapi/feature_control_context.go:309.55,310.95 1 0
github.com/rdkcentral/xconfwebconfig/dataapi/feature_control_context.go:310.95,312.4 1 0
github.com/rdkcentral/xconfwebconfig/dataapi/feature_control_context.go:317.186,321.20 4 0
github.com/rdkcentral/xconfwebconfig/dataapi/feature_control_context.go:321.20,323.3 1 0
github.com/rdkcentral/xconfwebconfig/dataapi/feature_control_context.go:323.8,325.3 1 0
github.com/rdkcentral/xconfwebconfig/dataapi/feature_control_context.go:327.2,331.16 3 0
github.com/rdkcentral/xconfwebconfig/dataapi/feature_control_context.go:331.16,334.3 2 0
github.com/rdkcentral/xconfwebconfig/dataapi/feature_control_context.go:335.2,338.117 2 0
github.com/rdkcentral/xconfwebconfig/dataapi/feature_control_context.go:338.117,341.3 1 0
github.com/rdkcentral/xconfwebconfig/dataapi/feature_control_context.go:341.8,341.173 1 0
github.com/rdkcentral/xconfwebconfig/dataapi/feature_control_context.go:341.173,343.3 1 0
github.com/rdkcentral/xconfwebconfig/dataapi/feature_control_context.go:344.2,347.26 4 0
github.com/rdkcentral/xconfwebconfig/dataapi/feature_control_context.go:351.151,353.104 2 1
github.com/rdkcentral/xconfwebconfig/dataapi/feature_control_context.go:353.104,354.64 1 1
github.com/rdkcentral/xconfwebconfig/dataapi/feature_control_context.go:354.64,357.4 2 1
github.com/rdkcentral/xconfwebconfig/dataapi/feature_control_context.go:357.9,357.56 1 0
github.com/rdkcentral/xconfwebconfig/dataapi/feature_control_context.go:357.56,360.4 2 0
github.com/rdkcentral/xconfwebconfig/dataapi/feature_control_context.go:361.8,361.109 1 1
github.com/rdkcentral/xconfwebconfig/dataapi/feature_control_context.go:361.109,364.3 2 0
github.com/rdkcentral/xconfwebconfig/dataapi/feature_control_context.go:366.2,366.104 1 1
github.com/rdkcentral/xconfwebconfig/dataapi/feature_control_context.go:366.104,369.3 2 1
github.com/rdkcentral/xconfwebconfig/dataapi/feature_control_context.go:369.8,369.93 1 1
github.com/rdkcentral/xconfwebconfig/dataapi/feature_control_context.go:369.93,372.21 3 1
github.com/rdkcentral/xconfwebconfig/dataapi/feature_control_context.go:372.21,374.31 2 1
github.com/rdkcentral/xconfwebconfig/dataapi/feature_control_context.go:374.31,376.5 1 1
github.com/rdkcentral/xconfwebconfig/dataapi/feature_control_context.go:376.10,378.5 1 0
github.com/rdkcentral/xconfwebconfig/dataapi/feature_control_context.go:379.4,379.30 1 1
github.com/rdkcentral/xconfwebconfig/dataapi/feature_control_context.go:379.30,382.19 3 1
github.com/rdkcentral/xconfwebconfig/dataapi/feature_control_context.go:382.19,385.6 2 1
github.com/rdkcentral/xconfwebconfig/dataapi/feature_control_context.go:385.11,387.6 1 0
github.com/rdkcentral/xconfwebconfig/dataapi/feature_control_context.go:389.10,392.5 2 0
github.com/rdkcentral/xconfwebconfig/dataapi/feature_control_context.go:394.3,394.30 1 1
github.com/rdkcentral/xconfwebconfig/dataapi/feature_control_context.go:394.30,395.141 1 0
github.com/rdkcentral/xconfwebconfig/dataapi/feature_control_context.go:395.141,397.5 1 0
github.com/rdkcentral/xconfwebconfig/dataapi/feature_control_context.go:399.3,399.72 1 1
github.com/rdkcentral/xconfwebconfig/dataapi/feature_control_context.go:402.2,402.67 1 1
github.com/rdkcentral/xconfwebconfig/dataapi/feature_control_context.go:402.67,413.3 2 1
github.com/rdkcentral/xconfwebconfig/dataapi/feature_control_context.go:415.2,415.25 1 1
github.com/rdkcentral/xconfwebconfig/dataapi/feature_control_context.go:418.86,421.63 3 1
github.com/rdkcentral/xconfwebconfig/dataapi/feature_control_context.go:421.63,423.3 1 1
github.com/rdkcentral/xconfwebconfig/dataapi/feature_control_context.go:423.8,423.55 1 1
github.com/rdkcentral/xconfwebconfig/dataapi/feature_control_context.go:423.55,425.3 1 1
github.com/rdkcentral/xconfwebconfig/dataapi/feature_control_context.go:426.2,428.33 3 1
github.com/rdkcentral/xconfwebconfig/dataapi/feature_control_context.go:431.33,434.16 3 1
github.com/rdkcentral/xconfwebconfig/dataapi/feature_control_context.go:434.16,437.3 2 0
github.com/rdkcentral/xconfwebconfig/dataapi/feature_control_context.go:438.2,439.59 2 1
github.com/rdkcentral/xconfwebconfig/dataapi/feature_control_context.go:442.109,444.9 2 0
github.com/rdkcentral/xconfwebconfig/dataapi/feature_control_context.go:444.9,447.3 2 0
github.com/rdkcentral/xconfwebconfig/dataapi/feature_control_context.go:448.2,449.16 2 0
github.com/rdkcentral/xconfwebconfig/dataapi/feature_control_context.go:449.16,453.3 2 0
github.com/rdkcentral/xconfwebconfig/dataapi/feature_control_context.go:454.2,479.20 9 0
github.com/rdkcentral/xconfwebconfig/dataapi/feature_control_context.go:482.114,487.108 4 0
github.com/rdkcentral/xconfwebconfig/dataapi/feature_control_context.go:487.108,490.3 2 0
github.com/rdkcentral/xconfwebconfig/dataapi/feature_control_context.go:490.8,490.93 1 0
github.com/rdkcentral/xconfwebconfig/dataapi/feature_control_context.go:490.93,493.3 2 0
github.com/rdkcentral/xconfwebconfig/dataapi/feature_control_context.go:494.2,494.39 1 0
github.com/rdkcentral/xconfwebconfig/dataapi/feature_control_context.go:497.114,502.108 4 0
github.com/rdkcentral/xconfwebconfig/dataapi/feature_control_context.go:502.108,505.3 2 0
github.com/rdkcentral/xconfwebconfig/dataapi/feature_control_context.go:505.8,505.89 1 0
github.com/rdkcentral/xconfwebconfig/dataapi/feature_control_context.go:505.89,508.3 2 0
github.com/rdkcentral/xconfwebconfig/dataapi/feature_control_context.go:509.2,509.35 1 0
github.com/rdkcentral/xconfwebconfig/dataapi/feature_control_context.go:512.54,520.23 7 1
github.com/rdkcentral/xconfwebconfig/dataapi/feature_control_context.go:520.23,523.3 2 1
github.com/rdkcentral/xconfwebconfig/dataapi/feature_control_context.go:524.2,526.46 3 1
github.com/rdkcentral/xconfwebconfig/dataapi/feature_control_context.go:526.46,528.3 1 1
github.com/rdkcentral/xconfwebconfig/dataapi/feature_control_context.go:529.2,529.25 1 0
github.com/rdkcentral/xconfwebconfig/dataapi/feature_control_context.go:529.25,530.53 1 0
github.com/rdkcentral/xconfwebconfig/dataapi/feature_control_context.go:530.53,533.4 2 0
github.com/rdkcentral/xconfwebconfig/dataapi/feature_control_context.go:534.3,534.14 1 0
github.com/rdkcentral/xconfwebconfig/dataapi/feature_control_context.go:536.2,536.52 1 0
github.com/rdkcentral/xconfwebconfig/dataapi/feature_control_context.go:536.52,538.3 1 0
github.com/rdkcentral/xconfwebconfig/dataapi/feature_control_context.go:539.2,540.14 2 0
github.com/rdkcentral/xconfwebconfig/dataapi/feature_control_context.go:543.59,553.2 1 1
github.com/rdkcentral/xconfwebconfig/dataapi/feature_control_context.go:555.59,565.2 1 1
github.com/rdkcentral/xconfwebconfig/dataapi/feature_control_context.go:567.115,569.51 2 0
github.com/rdkcentral/xconfwebconfig/dataapi/feature_control_context.go:569.51,572.3 2 0
github.com/rdkcentral/xconfwebconfig/dataapi/feature_control_context.go:573.2,573.60 1 0
github.com/rdkcentral/xconfwebconfig/dataapi/feature_control_context.go:573.60,576.3 2 0
github.com/rdkcentral/xconfwebconfig/dataapi/feature_control_context.go:577.2,577.66 1 0
github.com/rdkcentral/xconfwebconfig/dataapi/feature_control_context.go:577.66,580.3 2 0
github.com/rdkcentral/xconfwebconfig/dataapi/feature_control_context.go:582.2,582.61 1 0
github.com/rdkcentral/xconfwebconfig/dataapi/feature_control_context.go:582.61,585.3 2 0
github.com/rdkcentral/xconfwebconfig/dataapi/feature_control_context.go:587.2,587.60 1 0
github.com/rdkcentral/xconfwebconfig/dataapi/feature_control_context.go:587.60,590.3 2 0
github.com/rdkcentral/xconfwebconfig/dataapi/feature_control_context.go:593.120,595.51 2 0
github.com/rdkcentral/xconfwebconfig/dataapi/feature_control_context.go:595.51,598.3 2 0
github.com/rdkcentral/xconfwebconfig/dataapi/feature_control_context.go:599.2,599.60 1 0
github.com/rdkcentral/xconfwebconfig/dataapi/feature_control_context.go:599.60,602.3 2 0
github.com/rdkcentral/xconfwebconfig/dataapi/feature_control_context.go:603.2,603.66 1 0
github.com/rdkcentral/xconfwebconfig/dataapi/feature_control_context.go:603.66,606.3 2 0
github.com/rdkcentral/xconfwebconfig/dataapi/feature_control_context.go:608.2,608.61 1 0
github.com/rdkcentral/xconfwebconfig/dataapi/feature_control_context.go:608.61,611.3 2 0
github.com/rdkcentral/xconfwebconfig/dataapi/feature_control_context.go:613.2,613.60 1 0
github.com/rdkcentral/xconfwebconfig/dataapi/feature_control_context.go:613.60,616.3 2 0
github.com/rdkcentral/xconfwebconfig/dataapi/feature_control_handler.go:40.79,43.46 2 0
github.com/rdkcentral/xconfwebconfig/dataapi/feature_control_handler.go:43.46,45.3 1 0
github.com/rdkcentral/xconfwebconfig/dataapi/feature_control_handler.go:45.8,48.3 2 0
github.com/rdkcentral/xconfwebconfig/dataapi/feature_control_handler.go:50.2,55.23 5 0
github.com/rdkcentral/xconfwebconfig/dataapi/feature_control_handler.go:55.23,57.3 1 0
github.com/rdkcentral/xconfwebconfig/dataapi/feature_control_handler.go:58.2,62.37 4 0
github.com/rdkcentral/xconfwebconfig/dataapi/feature_control_handler.go:62.37,64.3 1 0
github.com/rdkcentral/xconfwebconfig/dataapi/feature_control_handler.go:66.2,69.12 4 0
github.com/rdkcentral/xconfwebconfig/dataapi/feature_control_handler.go:69.12,71.3 1 0
github.com/rdkcentral/xconfwebconfig/dataapi/feature_control_handler.go:72.2,73.26 2 0
github.com/rdkcentral/xconfwebconfig/dataapi/feature_control_handler.go:73.26,74.33 1 0
github.com/rdkcentral/xconfwebconfig/dataapi/feature_control_handler.go:74.33,76.4 1 0
github.com/rdkcentral/xconfwebconfig/dataapi/feature_control_handler.go:79.2,95.27 15 0
github.com/rdkcentral/xconfwebconfig/dataapi/feature_control_handler.go:95.27,97.3 1 0
github.com/rdkcentral/xconfwebconfig/dataapi/feature_control_handler.go:97.8,99.69 2 0
github.com/rdkcentral/xconfwebconfig/dataapi/feature_control_handler.go:99.69,102.4 2 0
github.com/rdkcentral/xconfwebconfig/dataapi/feature_control_handler.go:102.9,106.4 3 0
github.com/rdkcentral/xconfwebconfig/dataapi/feature_control_handler.go:109.2,115.53 4 0
github.com/rdkcentral/xconfwebconfig/dataapi/feature_control_handler.go:115.53,118.58 3 0
github.com/rdkcentral/xconfwebconfig/dataapi/feature_control_handler.go:118.58,121.4 2 0
github.com/rdkcentral/xconfwebconfig/dataapi/feature_control_handler.go:121.9,125.18 4 0
github.com/rdkcentral/xconfwebconfig/dataapi/feature_control_handler.go:125.18,128.5 2 0
github.com/rdkcentral/xconfwebconfig/dataapi/feature_control_handler.go:130.4,130.27 1 0
github.com/rdkcentral/xconfwebconfig/dataapi/feature_control_handler.go:130.27,133.5 2 0
github.com/rdkcentral/xconfwebconfig/dataapi/feature_control_handler.go:136.4,139.14 4 0
github.com/rdkcentral/xconfwebconfig/dataapi/feature_control_handler.go:139.14,142.5 2 0
github.com/rdkcentral/xconfwebconfig/dataapi/feature_control_handler.go:142.10,145.5 2 0
github.com/rdkcentral/xconfwebconfig/dataapi/feature_control_handler.go:146.4,147.18 2 0
github.com/rdkcentral/xconfwebconfig/dataapi/feature_control_handler.go:147.18,150.5 2 0
github.com/rdkcentral/xconfwebconfig/dataapi/feature_control_handler.go:151.4,151.24 1 0
github.com/rdkcentral/xconfwebconfig/dataapi/feature_control_handler.go:151.24,154.5 2 0
github.com/rdkcentral/xconfwebconfig/dataapi/feature_control_handler.go:156.4,156.68 1 0
github.com/rdkcentral/xconfwebconfig/dataapi/feature_control_handler.go:156.68,158.5 1 0
github.com/rdkcentral/xconfwebconfig/dataapi/feature_control_handler.go:158.10,158.119 1 0
github.com/rdkcentral/xconfwebconfig/dataapi/feature_control_handler.go:158.119,161.5 2 0
github.com/rdkcentral/xconfwebconfig/dataapi/feature_control_handler.go:161.10,161.46 1 0
github.com/rdkcentral/xconfwebconfig/dataapi/feature_control_handler.go:161.46,164.5 2 0
github.com/rdkcentral/xconfwebconfig/dataapi/feature_control_handler.go:166.4,166.128 1 0
github.com/rdkcentral/xconfwebconfig/dataapi/feature_control_handler.go:166.128,168.5 1 0
github.com/rdkcentral/xconfwebconfig/dataapi/feature_control_handler.go:168.10,173.5 3 0
github.com/rdkcentral/xconfwebconfig/dataapi/feature_control_handler.go:176.2,176.28 1 0
github.com/rdkcentral/xconfwebconfig/dataapi/feature_control_handler.go:176.28,178.123 1 0
github.com/rdkcentral/xconfwebconfig/dataapi/feature_control_handler.go:178.123,186.117 6 0
github.com/rdkcentral/xconfwebconfig/dataapi/feature_control_handler.go:186.117,189.5 2 0
github.com/rdkcentral/xconfwebconfig/dataapi/feature_control_handler.go:190.4,191.10 2 0
github.com/rdkcentral/xconfwebconfig/dataapi/feature_control_handler.go:195.2,201.49 5 0
github.com/rdkcentral/xconfwebconfig/dataapi/feature_control_handler.go:201.49,202.25 1 0
github.com/rdkcentral/xconfwebconfig/dataapi/feature_control_handler.go:202.25,204.4 1 0
github.com/rdkcentral/xconfwebconfig/dataapi/feature_control_handler.go:204.9,204.67 1 0
github.com/rdkcentral/xconfwebconfig/dataapi/feature_control_handler.go:204.67,207.4 2 0
github.com/rdkcentral/xconfwebconfig/dataapi/feature_control_handler.go:210.3,210.26 1 0
github.com/rdkcentral/xconfwebconfig/dataapi/feature_control_handler.go:210.26,212.4 1 0
github.com/rdkcentral/xconfwebconfig/dataapi/feature_control_handler.go:214.2,217.61 3 0
github.com/rdkcentral/xconfwebconfig/dataapi/feature_control_handler.go:217.61,219.25 2 0
github.com/rdkcentral/xconfwebconfig/dataapi/feature_control_handler.go:219.25,221.4 1 0
github.com/rdkcentral/xconfwebconfig/dataapi/feature_control_handler.go:221.9,221.67 1 0
github.com/rdkcentral/xconfwebconfig/dataapi/feature_control_handler.go:221.67,223.4 1 0
github.com/rdkcentral/xconfwebconfig/dataapi/feature_control_handler.go:224.3,227.56 4 0
github.com/rdkcentral/xconfwebconfig/dataapi/feature_control_handler.go:228.8,233.3 3 0
github.com/rdkcentral/xconfwebconfig/dataapi/feature_control_handler.go:235.2,235.64 1 0
github.com/rdkcentral/xconfwebconfig/dataapi/feature_control_handler.go:235.64,239.3 3 0
github.com/rdkcentral/xconfwebconfig/dataapi/feature_control_handler.go:239.8,246.37 4 0
github.com/rdkcentral/xconfwebconfig/dataapi/feature_control_handler.go:246.37,248.70 2 0
github.com/rdkcentral/xconfwebconfig/dataapi/feature_control_handler.go:248.70,250.5 1 0
github.com/rdkcentral/xconfwebconfig/dataapi/feature_control_handler.go:255.2,261.88 5 0
github.com/rdkcentral/xconfwebconfig/dataapi/feature_control_handler.go:261.88,262.30 1 0
github.com/rdkcentral/xconfwebconfig/dataapi/feature_control_handler.go:262.30,265.4 2 0
github.com/rdkcentral/xconfwebconfig/dataapi/feature_control_handler.go:268.2,272.69 2 0
github.com/rdkcentral/xconfwebconfig/dataapi/feature_control_handler.go:272.69,276.3 3 0
github.com/rdkcentral/xconfwebconfig/dataapi/feature_control_handler.go:278.2,278.39 1 0
github.com/rdkcentral/xconfwebconfig/dataapi/feature_control_handler.go:278.39,280.23 2 0
github.com/rdkcentral/xconfwebconfig/dataapi/feature_control_handler.go:280.23,282.4 1 0
github.com/rdkcentral/xconfwebconfig/dataapi/feature_control_handler.go:283.3,283.25 1 0
github.com/rdkcentral/xconfwebconfig/dataapi/feature_control_handler.go:283.25,285.4 1 0
github.com/rdkcentral/xconfwebconfig/dataapi/feature_control_handler.go:288.2,288.42 1 0
github.com/rdkcentral/xconfwebconfig/dataapi/feature_control_handler.go:288.42,290.3 1 0
github.com/rdkcentral/xconfwebconfig/dataapi/feature_control_handler.go:292.2,296.82 3 0
github.com/rdkcentral/xconfwebconfig/dataapi/feature_control_handler.go:299.178,303.43 2 0
github.com/rdkcentral/xconfwebconfig/dataapi/feature_control_handler.go:303.43,304.38 1 0
github.com/rdkcentral/xconfwebconfig/dataapi/feature_control_handler.go:304.38,306.4 1 0
github.com/rdkcentral/xconfwebconfig/dataapi/feature_control_handler.go:309.2,310.39 2 0
github.com/rdkcentral/xconfwebconfig/dataapi/feature_control_handler.go:310.39,311.38 1 0
github.com/rdkcentral/xconfwebconfig/dataapi/feature_control_handler.go:311.38,313.4 1 0
github.com/rdkcentral/xconfwebconfig/dataapi/feature_control_handler.go:316.2,317.47 2 0
github.com/rdkcentral/xconfwebconfig/dataapi/feature_control_handler.go:317.47,319.3 1 0
github.com/rdkcentral/xconfwebconfig/dataapi/feature_control_handler.go:321.2,321.54 1 0
github.com/rdkcentral/xconfwebconfig/dataapi/feature_control_handler.go:321.54,323.3 1 0
github.com/rdkcentral/xconfwebconfig/dataapi/feature_control_handler.go:325.2,326.20 2 0
github.com/rdkcentral/xconfwebconfig/dataapi/feature_control_handler.go:326.20,328.3 1 0
github.com/rdkcentral/xconfwebconfig/dataapi/feature_control_handler.go:330.2,332.41 3 0
github.com/rdkcentral/xconfwebconfig/dataapi/feature_control_handler.go:332.41,364.32 5 0
github.com/rdkcentral/xconfwebconfig/dataapi/feature_control_handler.go:364.32,368.4 3 0
github.com/rdkcentral/xconfwebconfig/dataapi/feature_control_handler.go:369.3,370.17 2 0
github.com/rdkcentral/xconfwebconfig/dataapi/feature_control_handler.go:370.17,372.4 1 0
github.com/rdkcentral/xconfwebconfig/dataapi/feature_control_handler.go:373.8,375.3 1 0
github.com/rdkcentral/xconfwebconfig/dataapi/feature_control_handler.go:378.121,379.47 1 1
github.com/rdkcentral/xconfwebconfig/dataapi/feature_control_handler.go:379.47,381.3 1 1
github.com/rdkcentral/xconfwebconfig/dataapi/feature_control_handler.go:382.2,382.50 1 1
github.com/rdkcentral/xconfwebconfig/dataapi/feature_control_handler.go:382.50,384.3 1 1
github.com/rdkcentral/xconfwebconfig/dataapi/feature_control_handler.go:385.2,385.94 1 1
github.com/rdkcentral/xconfwebconfig/dataapi/feature_control_handler.go:385.94,387.3 1 1
github.com/rdkcentral/xconfwebconfig/dataapi/feature_control_handler.go:388.2,388.11 1 1
github.com/rdkcentral/xconfwebconfig/dataapi/log_uploader_context.go:36.147,42.76 5 1
github.com/rdkcentral/xconfwebconfig/dataapi/log_uploader_context.go:42.76,43.95 1 1
github.com/rdkcentral/xconfwebconfig/dataapi/log_uploader_context.go:43.95,45.4 1 1
github.com/rdkcentral/xconfwebconfig/dataapi/log_uploader_context.go:50.149,52.20 2 0
github.com/rdkcentral/xconfwebconfig/dataapi/log_uploader_context.go:52.20,54.3 1 0
github.com/rdkcentral/xconfwebconfig/dataapi/log_uploader_context.go:54.8,56.3 1 0
github.com/rdkcentral/xconfwebconfig/dataapi/log_uploader_context.go:58.2,61.16 3 0
github.com/rdkcentral/xconfwebconfig/dataapi/log_uploader_context.go:61.16,64.3 2 0
github.com/rdkcentral/xconfwebconfig/dataapi/log_uploader_context.go:65.2,67.56 2 0
github.com/rdkcentral/xconfwebconfig/dataapi/log_uploader_context.go:67.56,69.22 2 0
github.com/rdkcentral/xconfwebconfig/dataapi/log_uploader_context.go:69.22,71.4 1 0
github.com/rdkcentral/xconfwebconfig/dataapi/log_uploader_context.go:73.2,74.12 2 0
github.com/rdkcentral/xconfwebconfig/dataapi/log_uploader_context.go:77.102,78.47 1 1
github.com/rdkcentral/xconfwebconfig/dataapi/log_uploader_context.go:78.47,79.30 1 1
github.com/rdkcentral/xconfwebconfig/dataapi/log_uploader_context.go:79.30,83.4 3 1
github.com/rdkcentral/xconfwebconfig/dataapi/log_uploader_context.go:85.2,85.25 1 1
github.com/rdkcentral/xconfwebconfig/dataapi/log_uploader_context.go:88.92,89.38 1 1
github.com/rdkcentral/xconfwebconfig/dataapi/log_uploader_context.go:89.38,91.39 2 1
github.com/rdkcentral/xconfwebconfig/dataapi/log_uploader_context.go:91.39,94.4 2 1
github.com/rdkcentral/xconfwebconfig/dataapi/log_uploader_context.go:98.82,99.21 1 1
github.com/rdkcentral/xconfwebconfig/dataapi/log_uploader_context.go:99.21,100.52 1 1
github.com/rdkcentral/xconfwebconfig/dataapi/log_uploader_context.go:100.52,102.4 1 1
github.com/rdkcentral/xconfwebconfig/dataapi/log_uploader_context.go:102.9,105.4 2 1
github.com/rdkcentral/xconfwebconfig/dataapi/log_uploader_context.go:109.152,111.42 2 1
github.com/rdkcentral/xconfwebconfig/dataapi/log_uploader_context.go:111.42,113.46 2 1
github.com/rdkcentral/xconfwebconfig/dataapi/log_uploader_context.go:113.46,115.4 1 1
github.com/rdkcentral/xconfwebconfig/dataapi/log_uploader_context.go:117.2,118.27 2 1
github.com/rdkcentral/xconfwebconfig/dataapi/log_uploader_context.go:118.27,119.44 1 1
github.com/rdkcentral/xconfwebconfig/dataapi/log_uploader_context.go:119.44,121.4 1 1
github.com/rdkcentral/xconfwebconfig/dataapi/log_uploader_context.go:123.2,124.26 2 1
github.com/rdkcentral/xconfwebconfig/dataapi/log_uploader_context.go:124.26,126.3 1 1
github.com/rdkcentral/xconfwebconfig/dataapi/log_uploader_context.go:128.2,131.88 4 1
github.com/rdkcentral/xconfwebconfig/dataapi/log_uploader_context.go:139.126,144.42 5 1
github.com/rdkcentral/xconfwebconfig/dataapi/log_uploader_context.go:144.42,148.17 3 0
github.com/rdkcentral/xconfwebconfig/dataapi/log_uploader_context.go:148.17,150.4 1 0
github.com/rdkcentral/xconfwebconfig/dataapi/log_uploader_context.go:152.3,157.37 2 0
github.com/rdkcentral/xconfwebconfig/dataapi/log_uploader_context.go:159.2,160.27 2 1
github.com/rdkcentral/xconfwebconfig/dataapi/log_uploader_context.go:160.27,162.3 1 0
github.com/rdkcentral/xconfwebconfig/dataapi/log_uploader_context.go:163.2,164.30 2 1
github.com/rdkcentral/xconfwebconfig/dataapi/log_uploader_handler.go:38.76,40.2 1 0
github.com/rdkcentral/xconfwebconfig/dataapi/log_uploader_handler.go:42.78,44.2 1 0
github.com/rdkcentral/xconfwebconfig/dataapi/log_uploader_handler.go:46.85,49.46 2 1
github.com/rdkcentral/xconfwebconfig/dataapi/log_uploader_handler.go:49.46,51.3 1 0
github.com/rdkcentral/xconfwebconfig/dataapi/log_uploader_handler.go:51.8,54.3 2 1
github.com/rdkcentral/xconfwebconfig/dataapi/log_uploader_handler.go:56.2,60.16 5 0
github.com/rdkcentral/xconfwebconfig/dataapi/log_uploader_handler.go:60.16,63.3 2 0
github.com/rdkcentral/xconfwebconfig/dataapi/log_uploader_handler.go:64.2,64.71 1 0
github.com/rdkcentral/xconfwebconfig/dataapi/log_uploader_handler.go:64.71,66.3 1 0
github.com/rdkcentral/xconfwebconfig/dataapi/log_uploader_handler.go:66.8,72.17 4 0
github.com/rdkcentral/xconfwebconfig/dataapi/log_uploader_handler.go:72.17,75.4 2 0
github.com/rdkcentral/xconfwebconfig/dataapi/log_uploader_handler.go:77.3,80.53 4 0
github.com/rdkcentral/xconfwebconfig/dataapi/log_uploader_handler.go:84.82,87.12 3 1
github.com/rdkcentral/xconfwebconfig/dataapi/log_uploader_handler.go:87.12,89.3 1 1
github.com/rdkcentral/xconfwebconfig/dataapi/log_uploader_handler.go:90.2,93.26 4 1
github.com/rdkcentral/xconfwebconfig/dataapi/log_uploader_handler.go:93.26,94.33 1 1
github.com/rdkcentral/xconfwebconfig/dataapi/log_uploader_handler.go:94.33,95.32 1 1
github.com/rdkcentral/xconfwebconfig/dataapi/log_uploader_handler.go:95.32,96.35 1 1
github.com/rdkcentral/xconfwebconfig/dataapi/log_uploader_handler.go:96.35,98.6 1 1
github.com/rdkcentral/xconfwebconfig/dataapi/log_uploader_handler.go:99.10,101.5 1 1
github.com/rdkcentral/xconfwebconfig/dataapi/log_uploader_handler.go:104.2,104.33 1 1
github.com/rdkcentral/xconfwebconfig/dataapi/log_uploader_handler.go:107.96,110.46 2 1
github.com/rdkcentral/xconfwebconfig/dataapi/log_uploader_handler.go:110.46,112.3 1 0
github.com/rdkcentral/xconfwebconfig/dataapi/log_uploader_handler.go:112.8,115.3 2 1
github.com/rdkcentral/xconfwebconfig/dataapi/log_uploader_handler.go:120.2,125.28 6 0
github.com/rdkcentral/xconfwebconfig/dataapi/log_uploader_handler.go:125.28,128.30 3 0
github.com/rdkcentral/xconfwebconfig/dataapi/log_uploader_handler.go:128.30,130.4 1 0
github.com/rdkcentral/xconfwebconfig/dataapi/log_uploader_handler.go:130.9,133.4 2 0
github.com/rdkcentral/xconfwebconfig/dataapi/log_uploader_handler.go:134.8,140.20 6 0
github.com/rdkcentral/xconfwebconfig/dataapi/log_uploader_handler.go:140.20,144.40 4 0
github.com/rdkcentral/xconfwebconfig/dataapi/log_uploader_handler.go:144.40,146.19 2 0
github.com/rdkcentral/xconfwebconfig/dataapi/log_uploader_handler.go:146.19,148.6 1 0
github.com/rdkcentral/xconfwebconfig/dataapi/log_uploader_handler.go:148.11,150.6 1 0
github.com/rdkcentral/xconfwebconfig/dataapi/log_uploader_handler.go:151.5,151.29 1 0
github.com/rdkcentral/xconfwebconfig/dataapi/log_uploader_handler.go:151.29,153.6 1 0
github.com/rdkcentral/xconfwebconfig/dataapi/log_uploader_handler.go:154.5,157.19 4 0
github.com/rdkcentral/xconfwebconfig/dataapi/log_uploader_handler.go:157.19,159.6 1 0
github.com/rdkcentral/xconfwebconfig/dataapi/log_uploader_handler.go:159.11,161.6 1 0
github.com/rdkcentral/xconfwebconfig/dataapi/log_uploader_handler.go:163.4,163.66 1 0
github.com/rdkcentral/xconfwebconfig/dataapi/log_uploader_handler.go:166.3,167.93 2 0
github.com/rdkcentral/xconfwebconfig/dataapi/log_uploader_handler.go:167.93,169.45 2 0
github.com/rdkcentral/xconfwebconfig/dataapi/log_uploader_handler.go:169.45,172.23 3 0
github.com/rdkcentral/xconfwebconfig/dataapi/log_uploader_handler.go:172.23,175.6 2 0
github.com/rdkcentral/xconfwebconfig/dataapi/log_uploader_handler.go:178.4,178.49 1 0
github.com/rdkcentral/xconfwebconfig/dataapi/log_uploader_handler.go:178.49,180.5 1 0
github.com/rdkcentral/xconfwebconfig/dataapi/log_uploader_handler.go:181.4,181.21 1 0
github.com/rdkcentral/xconfwebconfig/dataapi/log_uploader_handler.go:181.21,183.5 1 0
github.com/rdkcentral/xconfwebconfig/dataapi/log_uploader_handler.go:186.3,186.20 1 0
github.com/rdkcentral/xconfwebconfig/dataapi/log_uploader_handler.go:186.20,188.4 1 0
github.com/rdkcentral/xconfwebconfig/dataapi/log_uploader_handler.go:188.9,189.38 1 0
github.com/rdkcentral/xconfwebconfig/dataapi/log_uploader_handler.go:189.38,195.48 2 0
github.com/rdkcentral/xconfwebconfig/dataapi/log_uploader_handler.go:195.48,197.6 1 0
github.com/rdkcentral/xconfwebconfig/dataapi/log_uploader_handler.go:198.5,198.53 1 0
github.com/rdkcentral/xconfwebconfig/dataapi/log_uploader_handler.go:198.53,200.6 1 0
github.com/rdkcentral/xconfwebconfig/dataapi/log_uploader_handler.go:202.5,202.53 1 0
github.com/rdkcentral/xconfwebconfig/dataapi/log_uploader_handler.go:202.53,204.6 1 0
github.com/rdkcentral/xconfwebconfig/dataapi/log_uploader_handler.go:204.11,204.63 1 0
github.com/rdkcentral/xconfwebconfig/dataapi/log_uploader_handler.go:204.63,206.6 1 0
github.com/rdkcentral/xconfwebconfig/dataapi/log_uploader_handler.go:208.4,211.46 4 0
github.com/rdkcentral/xconfwebconfig/dataapi/router.go:97.23,98.25 1 1
github.com/rdkcentral/xconfwebconfig/dataapi/router.go:98.25,191.3 36 1
github.com/rdkcentral/xconfwebconfig/dataapi/router.go:194.55,198.25 3 1
github.com/rdkcentral/xconfwebconfig/dataapi/router.go:198.25,200.3 1 1
github.com/rdkcentral/xconfwebconfig/dataapi/router.go:202.2,204.38 3 1
github.com/rdkcentral/xconfwebconfig/dataapi/router.go:204.38,206.44 2 0
github.com/rdkcentral/xconfwebconfig/dataapi/router.go:206.44,208.4 1 0
github.com/rdkcentral/xconfwebconfig/dataapi/router.go:210.2,212.39 3 1
github.com/rdkcentral/xconfwebconfig/dataapi/router.go:212.39,214.42 2 0
github.com/rdkcentral/xconfwebconfig/dataapi/router.go:214.42,216.4 1 0
github.com/rdkcentral/xconfwebconfig/dataapi/router.go:218.2,220.42 3 1
github.com/rdkcentral/xconfwebconfig/dataapi/router.go:220.42,222.46 2 0
github.com/rdkcentral/xconfwebconfig/dataapi/router.go:222.46,224.4 1 0
github.com/rdkcentral/xconfwebconfig/dataapi/router.go:226.2,228.43 3 1
github.com/rdkcentral/xconfwebconfig/dataapi/router.go:228.43,230.46 2 0
github.com/rdkcentral/xconfwebconfig/dataapi/router.go:230.46,232.4 1 0
github.com/rdkcentral/xconfwebconfig/dataapi/router.go:235.2,237.40 3 1
github.com/rdkcentral/xconfwebconfig/dataapi/router.go:237.40,239.3 1 1
github.com/rdkcentral/xconfwebconfig/dataapi/router.go:240.2,242.44 3 1
github.com/rdkcentral/xconfwebconfig/dataapi/router.go:242.44,244.3 1 1
github.com/rdkcentral/xconfwebconfig/dataapi/router.go:245.2,247.44 3 1
github.com/rdkcentral/xconfwebconfig/dataapi/router.go:247.44,249.3 1 1
github.com/rdkcentral/xconfwebconfig/dataapi/router.go:250.2,254.23 5 1
github.com/rdkcentral/xconfwebconfig/dataapi/router.go:254.23,258.17 3 0
github.com/rdkcentral/xconfwebconfig/dataapi/router.go:258.17,260.14 2 0
github.com/rdkcentral/xconfwebconfig/dataapi/router.go:264.2,266.45 3 1
github.com/rdkcentral/xconfwebconfig/dataapi/router.go:266.45,268.46 2 0
github.com/rdkcentral/xconfwebconfig/dataapi/router.go:268.46,270.4 1 0
github.com/rdkcentral/xconfwebconfig/dataapi/router.go:273.2,275.47 3 1
github.com/rdkcentral/xconfwebconfig/dataapi/router.go:275.47,277.50 2 0
github.com/rdkcentral/xconfwebconfig/dataapi/router.go:277.50,279.4 1 0
github.com/rdkcentral/xconfwebconfig/dataapi/router.go:282.2,289.16 6 1
github.com/rdkcentral/xconfwebconfig/dataapi/router.go:289.16,292.3 2 0
github.com/rdkcentral/xconfwebconfig/dataapi/router.go:294.2,339.11 2 1
github.com/rdkcentral/xconfwebconfig/dataapi/router.go:343.59,353.30 8 1
github.com/rdkcentral/xconfwebconfig/dataapi/router.go:353.30,355.3 1 0
github.com/rdkcentral/xconfwebconfig/dataapi/router.go:358.69,416.26 41 1
github.com/rdkcentral/xconfwebconfig/dataapi/router.go:416.26,419.3 2 1
github.com/rdkcentral/xconfwebconfig/dataapi/router.go:422.2,422.88 1 1
github.com/rdkcentral/xconfwebconfig/dataapi/router.go:426.63,440.2 10 0
github.com/rdkcentral/xconfwebconfig/dataapi/router.go:443.41,444.71 1 0
github.com/rdkcentral/xconfwebconfig/dataapi/router.go:444.71,447.3 1 0
github.com/rdkcentral/xconfwebconfig/dataapi/router.go:450.38,452.2 1 0
github.com/rdkcentral/xconfwebconfig/dataapi/router.go:454.70,456.15 2 0
github.com/rdkcentral/xconfwebconfig/dataapi/router.go:456.15,457.31 1 0
github.com/rdkcentral/xconfwebconfig/dataapi/router.go:457.31,459.4 1 0
github.com/rdkcentral/xconfwebconfig/dataapi/router.go:461.2,465.16 4 0
github.com/rdkcentral/xconfwebconfig/dataapi/router.go:465.16,466.27 1 0
github.com/rdkcentral/xconfwebconfig/dataapi/router.go:466.27,472.23 4 0
github.com/rdkcentral/xconfwebconfig/dataapi/router.go:472.23,474.5 1 0
github.com/rdkcentral/xconfwebconfig/dataapi/router.go:475.4,475.25 1 0
github.com/rdkcentral/xconfwebconfig/dataapi/router.go:477.3,478.18 2 0
github.com/rdkcentral/xconfwebconfig/dataapi/router.go:480.2,480.25 1 0
github.com/rdkcentral/xconfwebconfig/dataapi/router.go:483.75,485.30 2 1
github.com/rdkcentral/xconfwebconfig/dataapi/router.go:485.30,489.49 3 1
github.com/rdkcentral/xconfwebconfig/dataapi/router.go:489.49,491.29 2 1
github.com/rdkcentral/xconfwebconfig/dataapi/router.go:491.29,497.5 2 1
github.com/rdkcentral/xconfwebconfig/dataapi/router.go:500.2,500.24 1 1
github.com/rdkcentral/xconfwebconfig/dataapi/test_helpers.go:29.13,31.30 1 1
github.com/rdkcentral/xconfwebconfig/dataapi/test_helpers.go:31.30,32.48 1 1
github.com/rdkcentral/xconfwebconfig/dataapi/test_helpers.go:32.48,35.4 1 0
github.com/rdkcentral/xconfwebconfig/dataapi/test_helpers.go:38.2,39.27 2 1
github.com/rdkcentral/xconfwebconfig/dataapi/test_helpers.go:43.21,46.2 2 0
github.com/rdkcentral/xconfwebconfig/dataapi/test_helpers.go:49.20,52.2 2 0
github.com/rdkcentral/xconfwebconfig/dataapi/test_helpers.go:55.29,67.2 4 0
